Log file open, 11/26/18 19:22:44
LogWindows: Failed to load 'aqProf.dll' (GetLastError=126)
LogWindows: File 'aqProf.dll' does not exist
LogWindows: Failed to load 'VSPerf140.dll' (GetLastError=126)
LogWindows: File 'VSPerf140.dll' does not exist
LogWindows: Failed to load 'VtuneApi.dll' (GetLastError=126)
LogWindows: File 'VtuneApi.dll' does not exist
LogWindows: Failed to load 'VtuneApi32e.dll' (GetLastError=126)
LogWindows: File 'VtuneApi32e.dll' does not exist
LogInit: Display: Running engine for game: LearnToDrive
LogPlatformFile: Not using cached read wrapper
LogTaskGraph: Started task graph with 5 named threads and 23 total threads with 3 sets of task threads.
LogStats: Stats thread started at 0.679044
LogD3D11RHI: Loaded GFSDK_Aftermath_Lib.x64.dll
LogICUInternationalization: Display: ICU TimeZone Detection - Raw Offset: +0:00, Platform Override: ''
LogPluginManager: Mounting plugin Paper2D
LogPluginManager: Mounting plugin AISupport
LogPluginManager: Mounting plugin LightPropagationVolume
LogPluginManager: Mounting plugin CLionSourceCodeAccess
LogPluginManager: Mounting plugin CodeLiteSourceCodeAccess
LogPluginManager: Mounting plugin GitSourceControl
LogPluginManager: Mounting plugin KDevelopSourceCodeAccess
LogPluginManager: Mounting plugin NullSourceCodeAccess
LogPluginManager: Mounting plugin PerforceSourceControl
LogPluginManager: Mounting plugin SubversionSourceControl
LogPluginManager: Mounting plugin UObjectPlugin
LogPluginManager: Mounting plugin VisualStudioCodeSourceCodeAccess
LogPluginManager: Mounting plugin VisualStudioSourceCodeAccess
LogPluginManager: Mounting plugin XCodeSourceCodeAccess
LogPluginManager: Mounting plugin AssetManagerEditor
LogPluginManager: Mounting plugin CryptoKeys
LogPluginManager: Mounting plugin DataValidation
LogPluginManager: Mounting plugin FacialAnimation
LogPluginManager: Mounting plugin GameplayTagsEditor
LogPluginManager: Mounting plugin MacGraphicsSwitching
LogPluginManager: Mounting plugin MeshEditor
LogPluginManager: Mounting plugin MobileLauncherProfileWizard
LogPluginManager: Mounting plugin PluginBrowser
LogPluginManager: Mounting plugin SpeedTreeImporter
LogPluginManager: Mounting plugin DatasmithContent
LogPluginManager: Mounting plugin AlembicImporter
LogPluginManager: Mounting plugin AppleImageUtils
LogPluginManager: Mounting plugin AppleVision
LogPluginManager: Mounting plugin BackChannel
LogPluginManager: Mounting plugin CharacterAI
LogPluginManager: Mounting plugin GeometryCache
LogPluginManager: Mounting plugin HTML5Networking
LogPluginManager: Mounting plugin ProxyLODPlugin
LogPluginManager: Mounting plugin MagicLeap
LogPluginManager: Mounting plugin MagicLeapEmulator
LogPluginManager: Mounting plugin MagicLeapMedia
LogPluginManager: Mounting plugin AndroidMedia
LogPluginManager: Mounting plugin AvfMedia
LogPluginManager: Mounting plugin ImgMedia
LogPluginManager: Mounting plugin LinearTimecode
LogPluginManager: Mounting plugin MediaCompositing
LogPluginManager: Mounting plugin MediaPlayerEditor
LogPluginManager: Mounting plugin WmfMedia
LogPluginManager: Mounting plugin TcpMessaging
LogPluginManager: Mounting plugin UdpMessaging
LogPluginManager: Mounting plugin ActorSequence
LogPluginManager: Mounting plugin LevelSequenceEditor
LogPluginManager: Mounting plugin MatineeToLevelSequence
LogPluginManager: Mounting plugin NetcodeUnitTest
LogPluginManager: Mounting plugin NUTUnrealEngine4
LogPluginManager: Mounting plugin OnlineSubsystemGooglePlay
LogPluginManager: Mounting plugin OnlineSubsystemIOS
LogPluginManager: Mounting plugin OnlineSubsystem
LogPluginManager: Mounting plugin OnlineSubsystemNull
LogPluginManager: Mounting plugin OnlineSubsystemUtils
LogPluginManager: Mounting plugin LauncherChunkInstaller
LogPluginManager: Mounting plugin AndroidDeviceProfileSelector
LogPluginManager: Mounting plugin AndroidMoviePlayer
LogPluginManager: Mounting plugin AndroidPermission
LogPluginManager: Mounting plugin AppleMoviePlayer
LogPluginManager: Mounting plugin ArchVisCharacter
LogPluginManager: Mounting plugin AudioCapture
LogPluginManager: Mounting plugin CableComponent
LogPluginManager: Mounting plugin CustomMeshComponent
LogPluginManager: Mounting plugin EditableMesh
LogPluginManager: Mounting plugin ExampleDeviceProfileSelector
LogPluginManager: Mounting plugin GoogleCloudMessaging
LogPluginManager: Mounting plugin ImmediatePhysics
LogPluginManager: Mounting plugin IOSDeviceProfileSelector
LogPluginManager: Mounting plugin LinuxDeviceProfileSelector
LogPluginManager: Mounting plugin LocationServicesBPLibrary
LogPluginManager: Mounting plugin MobilePatchingUtils
LogPluginManager: Mounting plugin OculusVR
LogPluginManager: Plugin shader directory ../../../Engine/Plugins/Runtime/Oculus/OculusVR/Shaders found
LogPluginManager: Mapping shader source directory ../../../Engine/Plugins/Runtime/Oculus/OculusVR/Shaders to virtual directory /Plugin/OculusVR
LogPluginManager: Mounting plugin PhysXVehicles
LogPluginManager: Mounting plugin ProceduralMeshComponent
LogPluginManager: Mounting plugin RuntimePhysXCooking
LogPluginManager: Mounting plugin SteamVR
LogPluginManager: Mounting plugin WindowsMoviePlayer
LogStreaming: Display: Took  0.297s to configure plugins.
LogInit: Warning: Incompatible or missing module: LearnToDrive
Running D:/Unreal/Engine/UE_4.20/Engine/Binaries/DotNET/UnrealBuildTool.exe Development Win64 -Project="D:/Shitty UE4 Games I Make/GolfGame/Drive/LearnToDrive/LearnToDrive/LearnToDrive.uproject" -TargetType=Editor -Progress -NoHotReloadFromIDE
Using 'git status' to determine working set for adaptive non-unity build.
Creating makefile for LearnToDriveEditor (no existing makefile)
Performing full C++ include scan (no include cache file)
Using Visual Studio 2017 14.16.27023 toolchain (C:\Program Files (x86)\Microsoft Visual Studio\2017\Community\VC\Tools\MSVC\14.16.27023) and Windows 10.0.16299.0 SDK (C:\Program Files (x86)\Windows Kits\10).
@progress push 5%
Parsing headers for LearnToDriveEditor
  Running UnrealHeaderTool "D:\Shitty UE4 Games I Make\GolfGame\Drive\LearnToDrive\LearnToDrive\LearnToDrive.uproject" "D:\Shitty UE4 Games I Make\GolfGame\Drive\LearnToDrive\LearnToDrive\Intermediate\Build\Win64\LearnToDriveEditor\Development\LearnToDriveEditor.uhtmanifest" -LogCmds="loginit warning, logexit warning, logdatabase error" -Unattended -WarningsAsErrors -installed
Reflection code generated for LearnToDriveEditor in 13.7460872 seconds
@progress pop
Building 18 actions with 8 processes...
  @progress 'Compiling C++ source code...' 0%
  @progress 'Compiling C++ source code...' 6%
  [1/18] PCLaunch.rc
  @progress 'Compiling C++ source code...' 11%
  [2/18] SharedPCH.Engine.cpp
  @progress 'Compiling C++ source code...' 17%
  [3/18] LearnToDrive.cpp
  @progress 'Compiling C++ source code...' 22%
  [4/18] LearnToDrive.init.gen.cpp
  @progress 'Compiling C++ source code...' 28%
  [5/18] LearnToDriveGameModeBase.gen.cpp
  @progress 'Compiling C++ source code...' 33%
  [6/18] LearnToDriveGameModeBase.cpp
  @progress 'Compiling C++ source code...' 39%
  [7/18] GolfCharacter.gen.cpp
  @progress 'Compiling C++ source code...' 44%
  [8/18] MyLearnToDriveGameMode.cpp
  @progress 'Compiling C++ source code...' 50%
  [9/18] GolfCharacter.cpp
  @progress 'Compiling C++ source code...' 56%
  [10/18] MyLearnToDriveGameMode.gen.cpp
  @progress 'Compiling C++ source code...' 61%
  [11/18] GolfStart.gen.cpp
  @progress 'Compiling C++ source code...' 67%
  [12/18] GolfBall.gen.cpp
  @progress 'Compiling C++ source code...' 72%
  [13/18] BallCamera.gen.cpp
  @progress 'Compiling C++ source code...' 78%
  [14/18] GolfStart.cpp
  @progress 'Compiling C++ source code...' 83%
  [15/18] GolfBall.cpp
  @progress 'Compiling C++ source code...' 89%
  [16/18] BallCamera.cpp
  @progress 'Compiling C++ source code...' 94%
  [17/18] UE4Editor-LearnToDrive.lib
     Creating library D:\Shitty UE4 Games I Make\GolfGame\Drive\LearnToDrive\LearnToDrive\Intermediate\Build\Win64\UE4Editor\Development\LearnToDrive\UE4Editor-LearnToDrive.lib and object D:\Shitty UE4 Games I Make\GolfGame\Drive\LearnToDrive\LearnToDrive\Intermediate\Build\Win64\UE4Editor\Development\LearnToDrive\UE4Editor-LearnToDrive.exp
  @progress 'Compiling C++ source code...' 100%
  [18/18] UE4Editor-LearnToDrive.dll
     Creating library D:\Shitty UE4 Games I Make\GolfGame\Drive\LearnToDrive\LearnToDrive\Intermediate\Build\Win64\UE4Editor\Development\LearnToDrive\UE4Editor-LearnToDrive.suppressed.lib and object D:\Shitty UE4 Games I Make\GolfGame\Drive\LearnToDrive\LearnToDrive\Intermediate\Build\Win64\UE4Editor\Development\LearnToDrive\UE4Editor-LearnToDrive.suppressed.exp
Total build time: 132.38 seconds (Parallel executor: 55.10 seconds)
LogInit: Using libcurl 7.55.1-DEV
LogInit:  - built for x86_64-pc-win32
LogInit:  - supports SSL with OpenSSL/1.0.2h
LogInit:  - supports HTTP deflate (compression) using libz 1.2.8
LogInit:  - other features:
LogInit:      CURL_VERSION_SSL
LogInit:      CURL_VERSION_LIBZ
LogInit:      CURL_VERSION_IPV6
LogInit:      CURL_VERSION_ASYNCHDNS
LogInit:      CURL_VERSION_LARGEFILE
LogInit:      CURL_VERSION_IDN
LogInit:  CurlRequestOptions (configurable via config and command line):
LogInit:  - bVerifyPeer = false  - Libcurl will NOT verify peer certificate
LogInit:  - bUseHttpProxy = false  - Libcurl will NOT use HTTP proxy
LogInit:  - bDontReuseConnections = false  - Libcurl will reuse connections
LogInit:  - CertBundlePath = nullptr  - Libcurl will use whatever was configured at build time.
LogInit:  - MaxHostConnections = 16  - Libcurl will limit the number of connections to a host
LogInit:  - LocalHostAddr = Default
LogInit:  - BufferSize = 65536
LogInit: WinSock: version 1.1 (2.2), MaxSocks=32767, MaxUdp=65467
LogInit: Build: ++UE4+Release-4.20-CL-4369336
LogInit: Engine Version: 4.20.3-4369336+++UE4+Release-4.20
LogInit: Compatible Engine Version: 4.20.0-4212847+++UE4+Release-4.20
LogInit: Net CL: 4212847
LogInit: OS: Windows 10 (), CPU: AMD FX(tm)-8350 Eight-Core Processor           , GPU: NVIDIA GeForce GTX 1070 Ti
LogInit: Compiled (64-bit): Sep 17 2018 12:26:19
LogInit: Compiled with Visual C++: 19.13.26129.00
LogInit: Build Configuration: Development
LogInit: Branch Name: ++UE4+Release-4.20
LogInit: Command Line:  
LogInit: Base Directory: D:/Unreal/Engine/UE_4.20/Engine/Binaries/Win64/
LogInit: Installed Engine Build: 1
LogDevObjectVersion: Number of dev versions registered: 20
LogDevObjectVersion:   Dev-Blueprints (B0D832E4-1F89-4F0D-ACCF-7EB736FD4AA2): 10
LogDevObjectVersion:   Dev-Build (E1C64328-A22C-4D53-A36C-8E866417BD8C): 0
LogDevObjectVersion:   Dev-Core (375EC13C-06E4-48FB-B500-84F0262A717E): 2
LogDevObjectVersion:   Dev-Editor (E4B068ED-F494-42E9-A231-DA0B2E46BB41): 24
LogDevObjectVersion:   Dev-Framework (CFFC743F-43B0-4480-9391-14DF171D2073): 34
LogDevObjectVersion:   Dev-Mobile (B02B49B5-BB20-44E9-A304-32B752E40360): 2
LogDevObjectVersion:   Dev-Networking (A4E4105C-59A1-49B5-A7C5-40C4547EDFEE): 0
LogDevObjectVersion:   Dev-Online (39C831C9-5AE6-47DC-9A44-9C173E1C8E7C): 0
LogDevObjectVersion:   Dev-Physics (78F01B33-EBEA-4F98-B9B4-84EACCB95AA2): 0
LogDevObjectVersion:   Dev-Platform (6631380F-2D4D-43E0-8009-CF276956A95A): 0
LogDevObjectVersion:   Dev-Rendering (12F88B9F-8875-4AFC-A67C-D90C383ABD29): 26
LogDevObjectVersion:   Dev-Sequencer (7B5AE74C-D270-4C10-A958-57980B212A5A): 9
LogDevObjectVersion:   Dev-VR (D7296918-1DD6-4BDD-9DE2-64A83CC13884): 2
LogDevObjectVersion:   Dev-LoadTimes (C2A15278-BFE7-4AFE-6C17-90FF531DF755): 1
LogDevObjectVersion:   Private-Geometry (6EACA3D4-40EC-4CC1-B786-8BED09428FC5): 3
LogDevObjectVersion:   Dev-AnimPhys (29E575DD-E0A3-4627-9D10-D276232CDCEA): 17
LogDevObjectVersion:   Dev-ReflectionCapture (6B266CEC-1EC7-4B8F-A30B-E4D90942FC07): 1
LogDevObjectVersion:   Dev-Automation (0DF73D61-A23F-47EA-B727-89E90C41499A): 1
LogDevObjectVersion:   FortniteMain (601D1886-AC64-4F84-AA16-D3DE0DEAC7D6): 12
LogDevObjectVersion:   Dev-Enterprise (9DFFBCD6-494F-0158-E221-12823C92A888): 1
LogStreaming: Display: Took  0.000s to delete old logs.
LogInit: Presizing for max 8388607 objects, including 0 objects not considered by GC, pre-allocating 0 bytes for permanent pool.
LogInit: Object subsystem initialized
[2018.11.26-19.25.53:500][  0]LogInit: Selected Device Profile: [Windows]
[2018.11.26-19.25.53:501][  0]LogInit: Applying CVar settings loaded from the selected device profile: [Windows]
[2018.11.26-19.25.53:568][  0]LogHAL: Display: Platform has ~ 8 GB [8485437440 / 8589934592 / 8], which maps to Default [LargestMinGB=32, LargerMinGB=12, DefaultMinGB=8, SmallerMinGB=6, SmallestMinGB=0)
[2018.11.26-19.25.53:594][  0]LogInit: Setting Device Profile CVar: [[r.Vulkan.UseRealUBs:1]]
[2018.11.26-19.25.53:594][  0]LogInit: Going up to parent DeviceProfile []
[2018.11.26-19.25.53:639][  0]LogInit: Computer: DESKTOP-TLUBEOD
[2018.11.26-19.25.53:639][  0]LogInit: User: rh27u
[2018.11.26-19.25.53:639][  0]LogInit: CPU Page size=4096, Cores=4
[2018.11.26-19.25.53:639][  0]LogInit: High frequency timer resolution =3.919303 MHz
[2018.11.26-19.25.53:649][  0]LogMemory: Memory total: Physical=7.9GB (8GB approx)
[2018.11.26-19.25.53:649][  0]LogMemory: Platform Memory Stats for Windows
[2018.11.26-19.25.53:649][  0]LogMemory: Process Physical Memory: 104.29 MB used, 104.29 MB peak
[2018.11.26-19.25.53:649][  0]LogMemory: Process Virtual Memory: 93.48 MB used, 93.48 MB peak
[2018.11.26-19.25.53:649][  0]LogMemory: Physical Memory: 3424.47 MB used,  4667.87 MB free, 8092.34 MB total
[2018.11.26-19.25.53:649][  0]LogMemory: Virtual Memory: 4687.47 MB used,  4667.87 MB free, 134217728.00 MB total
[2018.11.26-19.25.54:307][  0]LogInit: Using OS detected language (en-US).
[2018.11.26-19.25.54:307][  0]LogInit: Using OS detected locale (en-GB).
[2018.11.26-19.25.54:395][  0]LogTextLocalizationManager: No specific localization for 'en-US' exists, so the 'en' localization will be used.
[2018.11.26-19.25.55:294][  0]LogStreaming: Display: Took  0.988s to InitEngineTextLocalization.
[2018.11.26-19.25.55:317][  0]LogInit: Setting process to per monitor DPI aware
[2018.11.26-19.25.56:010][  0]LogSlate: New Slate User Created.  User Index 0, Is Virtual User: 0
[2018.11.26-19.25.56:010][  0]LogSlate: Slate User Registered.  User Index 0, Is Virtual User: 0
[2018.11.26-19.25.59:856][  0]LogHMD: Failed to initialize OpenVR with code 110
[2018.11.26-19.25.59:857][  0]LogD3D11RHI: D3D11 adapters:
[2018.11.26-19.26.00:035][  0]LogD3D11RHI:    0. 'NVIDIA GeForce GTX 1070 Ti' (Feature Level 11_0)
[2018.11.26-19.26.00:035][  0]LogD3D11RHI:       8080/0/4046 MB DedicatedVideo/DedicatedSystem/SharedSystem, Outputs:2, VendorId:0x10de
[2018.11.26-19.26.00:040][  0]LogD3D11RHI:    1. 'Microsoft Basic Render Driver' (Feature Level 11_0)
[2018.11.26-19.26.00:040][  0]LogD3D11RHI:       0/0/4046 MB DedicatedVideo/DedicatedSystem/SharedSystem, Outputs:0, VendorId:0x1414
[2018.11.26-19.26.00:040][  0]LogD3D11RHI: Chosen D3D11 Adapter: 0
[2018.11.26-19.26.00:073][  0]LogD3D11RHI: Creating new Direct3DDevice
[2018.11.26-19.26.00:073][  0]LogD3D11RHI:     GPU DeviceId: 0x1b82 (for the marketing name, search the web for "GPU Device Id")
[2018.11.26-19.26.00:084][  0]LogWindows: EnumDisplayDevices:
[2018.11.26-19.26.00:084][  0]LogWindows:    0. 'NVIDIA GeForce GTX 1070 Ti' (P:0 D:1)
[2018.11.26-19.26.00:084][  0]LogWindows:    1. 'NVIDIA GeForce GTX 1070 Ti' (P:1 D:1)
[2018.11.26-19.26.00:084][  0]LogWindows:    2. 'NVIDIA GeForce GTX 1070 Ti' (P:0 D:0)
[2018.11.26-19.26.00:085][  0]LogWindows:    3. 'NVIDIA GeForce GTX 1070 Ti' (P:0 D:0)
[2018.11.26-19.26.00:085][  0]LogWindows: DebugString: FoundDriverCount:4 
[2018.11.26-19.26.00:085][  0]LogD3D11RHI:     Adapter Name: NVIDIA GeForce GTX 1070 Ti
[2018.11.26-19.26.00:085][  0]LogD3D11RHI:   Driver Version: 416.94 (internal:25.21.14.1694, unified:416.94)
[2018.11.26-19.26.00:085][  0]LogD3D11RHI:      Driver Date: 11-12-2018
[2018.11.26-19.26.00:085][  0]LogRHI: Texture pool is 5656 MB (70% of 8080 MB)
[2018.11.26-19.26.00:186][  0]LogD3D11RHI: Async texture creation enabled
[2018.11.26-19.26.00:457][  0]LogD3D11RHI: GPU Timing Frequency: 1000.000000 (Debug: 2 2)
[2018.11.26-19.26.00:610][  0]LogShaderCompilers: Guid format shader working directory is -36 characters bigger than the processId version (../../../../../../Shitty UE4 Games I Make/GolfGame/Drive/LearnToDrive/LearnToDrive/Intermediate/Shaders/WorkingDirectory/4696/).
[2018.11.26-19.26.00:610][  0]LogShaderCompilers: Cleaned the shader compiler working directory 'C:/Users/rh27u/AppData/Local/Temp/UnrealShaderWorkingDir/FDE2A9CE409B639F9A9041A2141CAD9A/'.
[2018.11.26-19.26.01:823][  0]LogTemp: Display: Loaded TP AllDesktopTargetPlatform
[2018.11.26-19.26.01:867][  0]LogTemp: Display: Loaded TP MacClientTargetPlatform
[2018.11.26-19.26.01:904][  0]LogTemp: Display: Loaded TP MacNoEditorTargetPlatform
[2018.11.26-19.26.01:942][  0]LogTemp: Display: Loaded TP MacServerTargetPlatform
[2018.11.26-19.26.02:004][  0]LogTemp: Display: Loaded TP MacTargetPlatform
[2018.11.26-19.26.02:048][  0]LogTemp: Display: Loaded TP WindowsClientTargetPlatform
[2018.11.26-19.26.02:092][  0]LogTemp: Display: Loaded TP WindowsNoEditorTargetPlatform
[2018.11.26-19.26.02:134][  0]LogTemp: Display: Loaded TP WindowsServerTargetPlatform
[2018.11.26-19.26.02:184][  0]LogTemp: Display: Loaded TP WindowsTargetPlatform
[2018.11.26-19.26.02:382][  0]LogTemp: Display: Loaded TP AndroidTargetPlatform
[2018.11.26-19.26.02:382][  0]LogTemp: Display: Loaded TP AndroidTargetPlatform
[2018.11.26-19.26.02:382][  0]LogTemp: Display: Loaded TP AndroidTargetPlatform
[2018.11.26-19.26.02:382][  0]LogTemp: Display: Loaded TP AndroidTargetPlatform
[2018.11.26-19.26.02:382][  0]LogTemp: Display: Loaded TP AndroidTargetPlatform
[2018.11.26-19.26.02:382][  0]LogTemp: Display: Loaded TP AndroidTargetPlatform
[2018.11.26-19.26.02:382][  0]LogTemp: Display: Loaded TP AndroidTargetPlatform
[2018.11.26-19.26.02:382][  0]LogTemp: Display: Loaded TP AndroidTargetPlatform
[2018.11.26-19.26.02:382][  0]LogTemp: Display: Loaded TP AndroidTargetPlatform
[2018.11.26-19.26.02:382][  0]LogTemp: Display: Loaded TP AndroidTargetPlatform
[2018.11.26-19.26.02:382][  0]LogTemp: Display: Loaded TP AndroidTargetPlatform
[2018.11.26-19.26.02:382][  0]LogTemp: Display: Loaded TP AndroidTargetPlatform
[2018.11.26-19.26.02:382][  0]LogTemp: Display: Loaded TP AndroidTargetPlatform
[2018.11.26-19.26.02:382][  0]LogTemp: Display: Loaded TP AndroidTargetPlatform
[2018.11.26-19.26.02:382][  0]LogTemp: Display: Loaded TP AndroidTargetPlatform
[2018.11.26-19.26.02:382][  0]LogTemp: Display: Loaded TP AndroidTargetPlatform
[2018.11.26-19.26.02:382][  0]LogTemp: Display: Loaded TP AndroidTargetPlatform
[2018.11.26-19.26.02:383][  0]LogTemp: Display: Loaded TP AndroidTargetPlatform
[2018.11.26-19.26.02:409][  0]LogTemp: Display: Loaded TP HTML5TargetPlatform
[2018.11.26-19.26.02:571][  0]LogTemp: Display: Loaded TP IOSTargetPlatform
[2018.11.26-19.26.02:571][  0]LogTemp: Display: Loaded TP IOSTargetPlatform
[2018.11.26-19.26.02:635][  0]LogTemp: Display: Loaded TP TVOSTargetPlatform
[2018.11.26-19.26.02:635][  0]LogTemp: Display: Loaded TP TVOSTargetPlatform
[2018.11.26-19.26.02:680][  0]LogTemp: Display: Loaded TP LinuxClientTargetPlatform
[2018.11.26-19.26.02:724][  0]LogTemp: Display: Loaded TP LinuxNoEditorTargetPlatform
[2018.11.26-19.26.02:760][  0]LogTemp: Display: Loaded TP LinuxServerTargetPlatform
[2018.11.26-19.26.02:830][  0]LogTemp: Display: Loaded TP LinuxTargetPlatform
[2018.11.26-19.26.02:870][  0]LogTemp: Display: Loaded TP LuminTargetPlatform
[2018.11.26-19.26.02:870][  0]LogTargetPlatformManager: Display: Building Assets For Windows
[2018.11.26-19.26.03:772][  0]LogXGEController: Cleaning working directory: C:/Users/rh27u/AppData/Local/Temp/UnrealXGEWorkingDir/
[2018.11.26-19.26.03:772][  0]LogXGEController: Cannot use XGE Controller as Incredibuild is not installed on this machine.
[2018.11.26-19.26.03:772][  0]LogShaderCompilers: Cannot use XGE Shader Compiler as Incredibuild is not installed on this machine.
[2018.11.26-19.26.03:772][  0]LogShaderCompilers: Display: Using Local Shader Compiler.
[2018.11.26-19.26.07:462][  0]LogDerivedDataCache: Display: Max Cache Size: 512 MB
[2018.11.26-19.26.07:777][  0]LogDerivedDataCache: Loaded boot cache 0.31s 71MB C:/Users/rh27u/AppData/Local/UnrealEngine/4.20/DerivedDataCache/Boot.ddc.
[2018.11.26-19.26.07:777][  0]LogDerivedDataCache: Display: Loaded Boot cache: C:/Users/rh27u/AppData/Local/UnrealEngine/4.20/DerivedDataCache/Boot.ddc
[2018.11.26-19.26.07:777][  0]LogDerivedDataCache: FDerivedDataBackendGraph:  Pak pak cache file ../../../../../../Shitty UE4 Games I Make/GolfGame/Drive/LearnToDrive/LearnToDrive/DerivedDataCache/DDC.ddp not found, will not use a pak cache.
[2018.11.26-19.26.07:777][  0]LogDerivedDataCache: Unable to find inner node Pak for hierarchical cache Hierarchy.
[2018.11.26-19.26.07:777][  0]LogDerivedDataCache: FDerivedDataBackendGraph:  CompressedPak pak cache file ../../../../../../Shitty UE4 Games I Make/GolfGame/Drive/LearnToDrive/LearnToDrive/DerivedDataCache/Compressed.ddp not found, will not use a pak cache.
[2018.11.26-19.26.07:778][  0]LogDerivedDataCache: Unable to find inner node CompressedPak for hierarchical cache Hierarchy.
[2018.11.26-19.26.07:843][  0]LogDerivedDataCache: Display: Pak cache opened for reading ../../../Engine/DerivedDataCache/Compressed.ddp.
[2018.11.26-19.26.07:857][  0]LogDerivedDataCache: Using Local data cache path C:/Users/rh27u/AppData/Local/UnrealEngine/Common/DerivedDataCache: Writable
[2018.11.26-19.26.07:857][  0]LogDerivedDataCache: Shared data cache path not found in *engine.ini, will not use an Shared cache.
[2018.11.26-19.26.07:857][  0]LogDerivedDataCache: Unable to find inner node Shared for hierarchical cache Hierarchy.
[2018.11.26-19.26.07:944][  0]LogMaterial: Verifying Global Shaders for PCD3D_SM5
[2018.11.26-19.26.07:992][  0]LogSlate: Using FreeType 2.6.0
[2018.11.26-19.26.08:068][  0]LogSlate: SlateFontServices - WITH_FREETYPE: 1, WITH_HARFBUZZ: 1
[2018.11.26-19.26.08:733][  0]LogAssetRegistry: FAssetRegistry took 0.0321 seconds to start up
[2018.11.26-19.26.14:526][  0]LogInit: Selected Device Profile: [Windows]
[2018.11.26-19.26.18:004][  0]LogSimplygon: Simplygon DLL not present - disabling.
[2018.11.26-19.26.18:205][  0]LogMeshReduction: Using SimplygonSwarm for distributed automatic mesh merging
[2018.11.26-19.26.18:205][  0]LogMeshReduction: Using ProxyLODMeshReduction for automatic mesh merging
[2018.11.26-19.26.18:206][  0]LogMeshReduction: Using QuadricMeshReduction for automatic static mesh reduction
[2018.11.26-19.26.18:206][  0]LogMeshReduction: No automatic skeletal mesh reduction module available
[2018.11.26-19.26.19:024][  0]LogNetVersion: LearnToDrive 1.0.0, NetCL: 4212847, EngineNetVer: 5, GameNetVer: 0 (Checksum: 922375125)
[2018.11.26-19.26.26:130][  0]LogPackageLocalizationCache: Processed 11 localized package path(s) for 2 prioritized culture(s) in 0.177902 seconds
[2018.11.26-19.26.26:190][  0]LogUObjectArray: 38425 objects as part of root set at end of initial load.
[2018.11.26-19.26.26:190][  0]LogUObjectAllocator: 6690864 out of 0 bytes used by permanent object pool.
[2018.11.26-19.26.26:190][  0]LogUObjectArray: CloseDisregardForGC: 0/0 objects in disregard for GC pool
[2018.11.26-19.27.00:167][  0]LogTcpMessaging: Initializing TcpMessaging bridge
[2018.11.26-19.27.00:245][  0]LogUdpMessaging: Initializing bridge on interface 0.0.0.0:0 to multicast group 230.0.0.1:6666.
[2018.11.26-19.27.02:096][  0]SourceControl: Source control is disabled
[2018.11.26-19.27.02:100][  0]SourceControl: Source control is disabled
[2018.11.26-19.27.02:191][  0]SourceControl: Source control is disabled
[2018.11.26-19.27.02:245][  0]SourceControl: Source control is disabled
[2018.11.26-19.27.04:091][  0]LogAndroidPermission: UAndroidPermissionCallbackProxy::GetInstance
[2018.11.26-19.27.04:370][  0]LogOcInput: OculusInput pre-init called
[2018.11.26-19.27.04:981][  0]LogEngine: Initializing Engine...
[2018.11.26-19.27.04:996][  0]LogHMD: Failed to initialize OpenVR with code 110
[2018.11.26-19.27.05:013][  0]LogStats: UGameplayTagsManager::ConstructGameplayTagTree: ImportINI prefixes -  0.000 s
[2018.11.26-19.27.05:013][  0]LogStats: UGameplayTagsManager::ConstructGameplayTagTree: Construct from data asset -  0.000 s
[2018.11.26-19.27.05:013][  0]LogStats: UGameplayTagsManager::ConstructGameplayTagTree: ImportINI -  0.000 s
[2018.11.26-19.27.05:014][  0]LogStats: UGameplayTagsManager::ConstructGameplayTagTree: GameplayTagTreeChangedEvent.Broadcast -  0.000 s
[2018.11.26-19.27.05:323][  0]LogInit: Initializing FReadOnlyCVARCache
[2018.11.26-19.27.05:667][  0]LogAIModule: Creating AISystem for world Untitled
[2018.11.26-19.27.05:803][  0]LogInit: XAudio2 using 'Headset Earphone (HyperX 7.1 Audio)' : 2 channels at 48 kHz using 16 bits per sample (channel mask 0x3)
[2018.11.26-19.27.05:823][  0]LogInit: FAudioDevice initialized.
[2018.11.26-19.27.05:823][  0]LogNetVersion: Set ProjectVersion to 1.0.0.0. Version Checksum will be recalculated on next use.
[2018.11.26-19.27.05:930][  0]LogDerivedDataCache: Saved boot cache 0.11s 71MB C:/Users/rh27u/AppData/Local/UnrealEngine/4.20/DerivedDataCache/Boot.ddc.
[2018.11.26-19.27.05:939][  0]LogInit: Texture streaming: Enabled
[2018.11.26-19.27.06:064][  0]LogEngineSessionManager: EngineSessionManager initialized
[2018.11.26-19.27.06:162][  0]LogWindowsTextInputMethodSystem: Display: IME system now deactivated.
[2018.11.26-19.27.06:244][  0]LogInit: Transaction tracking system initialized
[2018.11.26-19.27.06:667][  0]BlueprintLog: New page: Editor Load
[2018.11.26-19.27.07:987][  0]LocalizationService: Localization service is disabled
[2018.11.26-19.27.09:753][  0]LogFileCache: Scanning file cache for directory 'D:/Shitty UE4 Games I Make/GolfGame/Drive/LearnToDrive/LearnToDrive/Content/' took 0.01s
[2018.11.26-19.27.09:754][  0]LogCook: Display: Max memory allowance for cook 16384mb min free memory 0mb
[2018.11.26-19.27.09:763][  0]LogCook: Display: Mobile HDR setting 1
[2018.11.26-19.27.09:778][  0]LogGameplayTags: Display: UGameplayTagsManager::DoneAddingNativeTags. DelegateIsBound: 0
[2018.11.26-19.27.09:778][  0]LogStats: UGameplayTagsManager::ConstructGameplayTagTree: ImportINI prefixes -  0.000 s
[2018.11.26-19.27.09:778][  0]LogStats: UGameplayTagsManager::ConstructGameplayTagTree: Construct from data asset -  0.000 s
[2018.11.26-19.27.09:778][  0]LogStats: UGameplayTagsManager::ConstructGameplayTagTree: ImportINI -  0.000 s
[2018.11.26-19.27.09:778][  0]LogStats: UGameplayTagsManager::ConstructGameplayTagTree: GameplayTagTreeChangedEvent.Broadcast -  0.000 s
[2018.11.26-19.27.12:283][  0]SourceControl: Source control is disabled
[2018.11.26-19.27.12:307][  0]Cmd: MAP LOAD FILE="../../../../../../Shitty UE4 Games I Make/GolfGame/Drive/LearnToDrive/LearnToDrive/Content/TestMap.umap" TEMPLATE=0 SHOWPROGRESS=1 FEATURELEVEL=3
[2018.11.26-19.27.12:307][  0]LogEditorServer: Warning: Can't find file '../../../../../../Shitty UE4 Games I Make/GolfGame/Drive/LearnToDrive/LearnToDrive/Content/TestMap.umap'
[2018.11.26-19.27.12:307][  0]Cmd: MAP CHECKDEP NOCLEARLOG
[2018.11.26-19.27.12:419][  0]MapCheck: Map check complete: 0 Error(s), 0 Warning(s), took 111.386ms to complete.
[2018.11.26-19.27.12:419][  0]LogFileHelpers: Loading map 'TestMap' took 0.127
[2018.11.26-19.27.13:550][  0]LogSlate: Updating window title bar state: overlay mode, drag disabled, window buttons hidden, title bar hidden
[2018.11.26-19.27.13:566][  0]LogSlate: Updating window title bar state: overlay mode, drag disabled, window buttons hidden, title bar hidden
[2018.11.26-19.27.13:576][  0]LogSlate: Updating window title bar state: overlay mode, drag disabled, window buttons hidden, title bar hidden
[2018.11.26-19.27.13:586][  0]LogSlate: Updating window title bar state: overlay mode, drag disabled, window buttons hidden, title bar hidden
[2018.11.26-19.27.13:635][  0]LogCollectionManager: Loaded 0 collections in 0.001497 seconds
[2018.11.26-19.27.13:758][  0]LogFileCache: Scanning file cache for directory 'D:/Shitty UE4 Games I Make/GolfGame/Drive/LearnToDrive/LearnToDrive/Saved/Collections/' took 0.01s
[2018.11.26-19.27.13:758][  0]LogFileCache: Scanning file cache for directory 'D:/Shitty UE4 Games I Make/GolfGame/Drive/LearnToDrive/LearnToDrive/Content/Developers/rh27u/Collections/' took 0.01s
[2018.11.26-19.27.13:758][  0]LogFileCache: Scanning file cache for directory 'D:/Shitty UE4 Games I Make/GolfGame/Drive/LearnToDrive/LearnToDrive/Content/Collections/' took 0.01s
[2018.11.26-19.27.13:758][  0]LogCollectionManager: Rebuilt the GUID cache for 0 collections in 0.000001 seconds
[2018.11.26-19.27.13:803][  0]LogContentBrowser: Native class hierarchy populated in 0.0447 seconds. Added 2579 classes and 607 folders.
[2018.11.26-19.27.13:866][  0]LogContentBrowser: Native class hierarchy updated for 'WidgetCarousel' in 0.0006 seconds. Added 0 classes and 0 folders.
[2018.11.26-19.27.14:840][  0]LogContentBrowser: Native class hierarchy updated for 'AddContentDialog' in 0.0006 seconds. Added 0 classes and 0 folders.
[2018.11.26-19.27.15:172][  0]LogSlate: Took 0.015014 seconds to synchronously load lazily loaded font '../../../Engine/Content/Slate/Fonts/Roboto-Regular.ttf' (155K)
[2018.11.26-19.27.15:228][  0]LogSlate: Took 0.019139 seconds to synchronously load lazily loaded font '../../../Engine/Content/Slate/Fonts/Roboto-Bold.ttf' (160K)
[2018.11.26-19.27.15:258][  0]LogSlate: Took 0.017195 seconds to synchronously load lazily loaded font '../../../Engine/Content/Editor/Slate/Fonts/FontAwesome.ttf' (139K)
[2018.11.26-19.27.15:547][  0]LogRenderer: Reallocating scene render targets to support 1200x576 Format 10 NumSamples 1 (Frame:1).
[2018.11.26-19.27.16:113][  0]LogContentBrowser: Native class hierarchy updated for 'HierarchicalLODOutliner' in 0.0006 seconds. Added 0 classes and 0 folders.
[2018.11.26-19.27.16:113][  0]LogLoad: (Engine Initialization) Total time: 283.55 seconds
[2018.11.26-19.27.16:113][  0]LogLoad: (Engine Initialization) Total Blueprint compile time: 0.00 seconds
[2018.11.26-19.27.16:312][  0]LogContentStreaming: Texture pool size now 1000 MB
[2018.11.26-19.27.16:392][  0]LogSlate: Took 0.018623 seconds to synchronously load lazily loaded font '../../../Engine/Content/Slate/Fonts/Roboto-Light.ttf' (167K)
[2018.11.26-19.27.16:500][  2]LogAssetRegistry: Asset discovery search completed in 67.7907 seconds
[2018.11.26-19.27.16:503][  2]LogCollectionManager: Rebuilt the object cache for 0 collections in 0.000001 seconds (found 0 objects)
[2018.11.26-19.27.16:503][  2]LogCollectionManager: Fixed up redirectors for 0 collections in 0.000159 seconds (updated 0 objects)
[2018.11.26-19.36.13:367][919]LogSlate: FSceneViewport::OnFocusLost() reason 0
[2018.11.26-19.36.15:991][228]LogSlate: Took 0.000376 seconds to synchronously load lazily loaded font '../../../Engine/Content/Slate/Fonts/Roboto-Light.ttf' (167K)
[2018.11.26-19.36.16:040][228]LogAIModule: Creating AISystem for world Menu
[2018.11.26-19.36.16:044][228]LogAssetEditorManager: Opening Asset editor for World /Game/FirstPersonCPP/Maps/Menu.Menu
[2018.11.26-19.36.16:159][228]Cmd: MAP LOAD FILE="../../../../../../Shitty UE4 Games I Make/GolfGame/Drive/LearnToDrive/LearnToDrive/Content/FirstPersonCPP/Maps/Menu.umap" TEMPLATE=0 SHOWPROGRESS=1 FEATURELEVEL=3
[2018.11.26-19.36.16:159][228]LightingResults: New page: Lighting Build
[2018.11.26-19.36.16:162][228]LogContentBrowser: Native class hierarchy updated for 'StatsViewer' in 0.0006 seconds. Added 5 classes and 0 folders.
[2018.11.26-19.36.16:162][228]LoadErrors: New page: Loading map: Menu.umap
[2018.11.26-19.36.16:163][228]MapCheck: New page: Map Check
[2018.11.26-19.36.16:163][228]LightingResults: New page: Lighting Build
[2018.11.26-19.36.16:297][228]LogEditorServer: Finished looking for orphan Actors (0.000 secs)
[2018.11.26-19.36.16:444][228]Cmd: MAP CHECKDEP NOCLEARLOG
[2018.11.26-19.36.16:534][228]MapCheck: Map check complete: 0 Error(s), 0 Warning(s), took 89.394ms to complete.
[2018.11.26-19.36.16:535][228]LogFileHelpers: Loading map 'Menu' took 0.377
[2018.11.26-19.36.19:601][589]LogTemp: Repeating last play command: Selected Viewport
[2018.11.26-19.36.19:626][589]LogBlueprintUserMessages: Early PlayInEditor Detection: Level '/Game/FirstPersonCPP/Maps/Menu.Menu:PersistentLevel' has LevelScriptBlueprint '/Game/FirstPersonCPP/Maps/Menu.Menu:PersistentLevel.Menu' with GeneratedClass '/Game/FirstPersonCPP/Maps/Menu.Menu_C' with ClassGeneratedBy '/Game/FirstPersonCPP/Maps/Menu.Menu:PersistentLevel.Menu'
[2018.11.26-19.36.19:627][589]LogPlayLevel: PlayLevel: No blueprints needed recompiling
[2018.11.26-19.36.19:668][589]PIE: New page: PIE session: Menu (26 Nov 2018 19:36:19)
[2018.11.26-19.36.19:668][589]LogPlayLevel: Creating play world package: /Game/FirstPersonCPP/Maps/UEDPIE_0_Menu
[2018.11.26-19.36.19:710][589]LogPlayLevel: PIE: StaticDuplicateObject took: (0.042245s)
[2018.11.26-19.36.19:711][589]LogAIModule: Creating AISystem for world Menu
[2018.11.26-19.36.19:711][589]LogPlayLevel: PIE: World Init took: (0.000822s)
[2018.11.26-19.36.19:711][589]LogPlayLevel: PIE: Created PIE world by copying editor world from /Game/FirstPersonCPP/Maps/Menu.Menu to /Game/FirstPersonCPP/Maps/UEDPIE_0_Menu.Menu (0.043277s)
[2018.11.26-19.36.19:858][589]LogInit: XAudio2 using 'Headset Earphone (HyperX 7.1 Audio)' : 2 channels at 48 kHz using 16 bits per sample (channel mask 0x3)
[2018.11.26-19.36.19:870][589]LogInit: FAudioDevice initialized.
[2018.11.26-19.36.19:916][589]LogLoad: Game class is 'LearnToDriveGameModeBase'
[2018.11.26-19.36.19:925][589]LogWorld: Bringing World /Game/FirstPersonCPP/Maps/UEDPIE_0_Menu.Menu up for play (max tick rate 0) at 2018.11.26-19.36.19
[2018.11.26-19.36.19:925][589]LogWorld: Bringing up level for play took: 0.000502
[2018.11.26-19.36.19:994][589]LogContentBrowser: Native class hierarchy updated for 'MovieSceneCapture' in 0.0006 seconds. Added 10 classes and 0 folders.
[2018.11.26-19.36.20:054][589]PIE: Play in editor start time for /Game/FirstPersonCPP/Maps/UEDPIE_0_Menu -0.257
[2018.11.26-19.36.20:055][589]LogBlueprintUserMessages: Late PlayInEditor Detection: Level '/Game/FirstPersonCPP/Maps/Menu.Menu:PersistentLevel' has LevelScriptBlueprint '/Game/FirstPersonCPP/Maps/Menu.Menu:PersistentLevel.Menu' with GeneratedClass '/Game/FirstPersonCPP/Maps/Menu.Menu_C' with ClassGeneratedBy '/Game/FirstPersonCPP/Maps/Menu.Menu:PersistentLevel.Menu'
[2018.11.26-19.36.21:017][673]LogPackageName: SearchForPackageOnDisk took   0.147s, but failed to resolve FirstPersonExampleMap.umap.
[2018.11.26-19.36.21:017][673]LogLevel: Warning: WARNING: The map '/Game/TestMap' does not exist.
[2018.11.26-19.36.21:160][673]LogPackageName: SearchForPackageOnDisk took   0.142s, but failed to resolve FirstPersonExampleMap.umap.
[2018.11.26-19.36.21:160][673]LogNet: Browse: /Game/TestMap
[2018.11.26-19.36.21:160][673]LogNet: Warning: Travel Failure: [InvalidURL]: Invalid URL: /Game/TestMap
[2018.11.26-19.36.21:160][673]LogNet: Warning: TravelFailure: InvalidURL, Reason for Failure: 'Invalid URL: /Game/TestMap'. Shutting down PIE.
[2018.11.26-19.36.21:160][673]PIE: Warning: TravelFailure: InvalidURL, Reason for Failure: 'Invalid URL: /Game/TestMap'. Shutting down PIE.
[2018.11.26-19.36.21:160][673]LogNet: Warning: Travel Failure: [ClientTravelFailure]: Invalid URL: /Game/TestMap
[2018.11.26-19.36.21:160][673]LogNet: Warning: TravelFailure: ClientTravelFailure, Reason for Failure: 'Invalid URL: /Game/TestMap'. Shutting down PIE.
[2018.11.26-19.36.21:160][673]PIE: Warning: TravelFailure: ClientTravelFailure, Reason for Failure: 'Invalid URL: /Game/TestMap'. Shutting down PIE.
[2018.11.26-19.36.21:161][673]LogBlueprintUserMessages: Early EndPlayMap Detection: Level '/Game/FirstPersonCPP/Maps/Menu.Menu:PersistentLevel' has LevelScriptBlueprint '/Game/FirstPersonCPP/Maps/Menu.Menu:PersistentLevel.Menu' with GeneratedClass '/Game/FirstPersonCPP/Maps/Menu.Menu_C' with ClassGeneratedBy '/Game/FirstPersonCPP/Maps/Menu.Menu:PersistentLevel.Menu'
[2018.11.26-19.36.21:161][673]LogSlate: Updating window title bar state: overlay mode, drag disabled, window buttons hidden, title bar hidden
[2018.11.26-19.36.21:197][673]LogPlayLevel: Display: Shutting down PIE online subsystems
[2018.11.26-19.36.21:197][673]LogBlueprintUserMessages: Late EndPlayMap Detection: Level '/Game/FirstPersonCPP/Maps/Menu.Menu:PersistentLevel' has LevelScriptBlueprint '/Game/FirstPersonCPP/Maps/Menu.Menu:PersistentLevel.Menu' with GeneratedClass '/Game/FirstPersonCPP/Maps/Menu.Menu_C' with ClassGeneratedBy '/Game/FirstPersonCPP/Maps/Menu.Menu:PersistentLevel.Menu'
[2018.11.26-19.36.21:319][673]LogSlate: Updating window title bar state: overlay mode, drag disabled, window buttons hidden, title bar hidden
[2018.11.26-19.36.21:351][674]LogPlayLevel: Display: Destroying online subsystem :Context_1
[2018.11.26-19.36.30:241][695]LogMetaData: Removing '/Game/Maps/Menu.Menu_C' ref from Metadata '/Game/FirstPersonCPP/Maps/Menu.PackageMetaData'
[2018.11.26-19.36.30:241][695]LogMetaData: Removing '/Game/Maps/Menu.SKEL_Menu_C' ref from Metadata '/Game/FirstPersonCPP/Maps/Menu.PackageMetaData'
[2018.11.26-19.36.30:356][695]Cmd: OBJ SAVEPACKAGE PACKAGE="/Game/Maps/Menu" FILE="../../../../../../Shitty UE4 Games I Make/GolfGame/Drive/LearnToDrive/LearnToDrive/Content/Maps/Menu.umap" SILENT=true AUTOSAVING=false KEEPDIRTY=false
[2018.11.26-19.36.30:610][695]LogSavePackage: Moving '../../../../../../Shitty UE4 Games I Make/GolfGame/Drive/LearnToDrive/LearnToDrive/Saved/Menu873682A34F25D518EF7FEDB714E3CD2C.tmp' to '../../../../../../Shitty UE4 Games I Make/GolfGame/Drive/LearnToDrive/LearnToDrive/Content/Maps/Menu.umap'
[2018.11.26-19.36.30:676][695]LogFileHelpers: Saving map 'Menu' took 0.406
[2018.11.26-19.36.31:897][780]LogAIModule: Creating AISystem for world Victory
[2018.11.26-19.36.33:861][985]LogMetaData: Removing '/Game/Maps/Victory.Victory_C' ref from Metadata '/Game/FirstPersonCPP/Maps/Victory.PackageMetaData'
[2018.11.26-19.36.33:861][985]LogMetaData: Removing '/Game/Maps/Victory.Victory:PersistentLevel.Victory.EventGraph.K2Node_Event_1' ref from Metadata '/Game/FirstPersonCPP/Maps/Victory.PackageMetaData'
[2018.11.26-19.36.33:861][985]LogMetaData: Removing '/Game/Maps/Victory.SKEL_Victory_C' ref from Metadata '/Game/FirstPersonCPP/Maps/Victory.PackageMetaData'
[2018.11.26-19.36.34:206][985]LogSavePackage: Moving '../../../../../../Shitty UE4 Games I Make/GolfGame/Drive/LearnToDrive/LearnToDrive/Saved/Victory6E03F7EE4E628DD164290F8FFF2CF482.tmp' to '../../../../../../Shitty UE4 Games I Make/GolfGame/Drive/LearnToDrive/LearnToDrive/Content/Maps/Victory.umap'
[2018.11.26-19.36.34:213][985]LogFileHelpers: Saving map 'Victory' took 0.327
[2018.11.26-19.36.47:778][538]LogAssetEditorManager: Opening Asset editor for WidgetBlueprint /Game/Blueprints/MainMenu.MainMenu
[2018.11.26-19.36.48:820][538]LogContentBrowser: Native class hierarchy updated for 'BlueprintGraph' in 0.0012 seconds. Added 116 classes and 0 folders.
[2018.11.26-19.36.50:517][538]LogSlate: Took 0.018827 seconds to synchronously load lazily loaded font '../../../Engine/Content/Slate/Fonts/Roboto-BoldCondensed.ttf' (158K)
[2018.11.26-19.37.09:350][242]BlueprintLog: New page: Compile MainMenu
[2018.11.26-19.37.11:129][303]LogSlate: Took 0.009891 seconds to synchronously load lazily loaded font '../../../Engine/Content/Slate/Fonts/Roboto-Italic.ttf' (157K)
[2018.11.26-19.37.22:399][379]BlueprintLog: New page: Compile MainMenu
[2018.11.26-19.37.22:953][410]Cmd: OBJ SAVEPACKAGE PACKAGE="/Game/Blueprints/MainMenu" FILE="../../../../../../Shitty UE4 Games I Make/GolfGame/Drive/LearnToDrive/LearnToDrive/Content/Blueprints/MainMenu.uasset" SILENT=true
[2018.11.26-19.37.23:014][410]LogSavePackage: Moving '../../../../../../Shitty UE4 Games I Make/GolfGame/Drive/LearnToDrive/LearnToDrive/Saved/MainMenu649D40DA4AF98D25F7C3098C23E0DBE7.tmp' to '../../../../../../Shitty UE4 Games I Make/GolfGame/Drive/LearnToDrive/LearnToDrive/Content/Blueprints/MainMenu.uasset'
[2018.11.26-19.37.24:657][564]LogTemp: Repeating last play command: Selected Viewport
[2018.11.26-19.37.24:686][564]LogBlueprintUserMessages: Early PlayInEditor Detection: Level '/Game/Maps/Menu.Menu:PersistentLevel' has LevelScriptBlueprint '/Game/Maps/Menu.Menu:PersistentLevel.Menu' with GeneratedClass '/Game/Maps/Menu.Menu_C' with ClassGeneratedBy '/Game/Maps/Menu.Menu:PersistentLevel.Menu'
[2018.11.26-19.37.24:687][564]LogPlayLevel: PlayLevel: No blueprints needed recompiling
[2018.11.26-19.37.24:687][564]PIE: New page: PIE session: Menu (26 Nov 2018 19:37:24)
[2018.11.26-19.37.24:687][564]LogPlayLevel: Creating play world package: /Game/Maps/UEDPIE_0_Menu
[2018.11.26-19.37.24:688][564]LogPlayLevel: PIE: StaticDuplicateObject took: (0.001363s)
[2018.11.26-19.37.24:689][564]LogAIModule: Creating AISystem for world Menu
[2018.11.26-19.37.24:689][564]LogPlayLevel: PIE: World Init took: (0.000780s)
[2018.11.26-19.37.24:689][564]LogPlayLevel: PIE: Created PIE world by copying editor world from /Game/Maps/Menu.Menu to /Game/Maps/UEDPIE_0_Menu.Menu (0.002286s)
[2018.11.26-19.37.24:818][564]LogInit: XAudio2 using 'Headset Earphone (HyperX 7.1 Audio)' : 2 channels at 48 kHz using 16 bits per sample (channel mask 0x3)
[2018.11.26-19.37.24:829][564]LogInit: FAudioDevice initialized.
[2018.11.26-19.37.24:860][564]LogLoad: Game class is 'LearnToDriveGameModeBase'
[2018.11.26-19.37.24:861][564]LogWorld: Bringing World /Game/Maps/UEDPIE_0_Menu.Menu up for play (max tick rate 0) at 2018.11.26-19.37.24
[2018.11.26-19.37.24:861][564]LogWorld: Bringing up level for play took: 0.000524
[2018.11.26-19.37.24:876][564]PIE: Play in editor start time for /Game/Maps/UEDPIE_0_Menu 0.563
[2018.11.26-19.37.24:876][564]LogBlueprintUserMessages: Late PlayInEditor Detection: Level '/Game/Maps/Menu.Menu:PersistentLevel' has LevelScriptBlueprint '/Game/Maps/Menu.Menu:PersistentLevel.Menu' with GeneratedClass '/Game/Maps/Menu.Menu_C' with ClassGeneratedBy '/Game/Maps/Menu.Menu:PersistentLevel.Menu'
[2018.11.26-19.37.25:540][623]LogNet: Browse: /Game/Maps/TestMap
[2018.11.26-19.37.25:540][623]LogLoad: LoadMap: /Game/Maps/TestMap
[2018.11.26-19.37.26:605][623]LogTexture: Display: Building textures: Texture2D_12 (BGRA8, 512X512)
[2018.11.26-19.37.26:605][623]LogTexture: Display: Building textures: Texture2D_11 (BGRA8, 512X512)
[2018.11.26-19.37.26:605][623]LogTexture: Display: Building textures: Texture2D_10 (BGRA8, 512X512)
[2018.11.26-19.37.26:605][623]LogTexture: Display: Building textures: Texture2D_1 (BGRA8, 512X512)
[2018.11.26-19.37.26:605][623]LogTexture: Display: Building textures: Texture2D_0 (BGRA8, 512X512)
[2018.11.26-19.37.26:605][623]LogTexture: Display: Building textures: Texture2D_13 (BGRA8, 512X512)
[2018.11.26-19.37.26:605][623]LogTexture: Display: Building textures: Texture2D_14 (BGRA8, 512X512)
[2018.11.26-19.37.26:606][623]LogTexture: Display: Building textures: Texture2D_3 (BGRA8, 512X512)
[2018.11.26-19.37.26:606][623]LogTexture: Display: Building textures: Texture2D_15 (BGRA8, 512X512)
[2018.11.26-19.37.26:606][623]LogTexture: Display: Building textures: Texture2D_2 (BGRA8, 512X512)
[2018.11.26-19.37.26:606][623]LogTexture: Display: Building textures: Texture2D_5 (BGRA8, 512X512)
[2018.11.26-19.37.26:606][623]LogTexture: Display: Building textures: Texture2D_4 (BGRA8, 512X512)
[2018.11.26-19.37.26:606][623]LogTexture: Display: Building textures: Texture2D_6 (BGRA8, 512X512)
[2018.11.26-19.37.26:606][623]LogTexture: Display: Building textures: Texture2D_7 (BGRA8, 512X512)
[2018.11.26-19.37.26:606][623]LogTexture: Display: Building textures: Texture2D_8 (BGRA8, 512X512)
[2018.11.26-19.37.26:606][623]LogTexture: Display: Building textures: Texture2D_9 (BGRA8, 512X512)
[2018.11.26-19.37.26:606][623]LogTexture: Display: Building textures: Grass0130_1_270 (BGRA8, 270X270)
[2018.11.26-19.37.26:606][623]LogMaterial: Display: Missing cached shader map for material NewGrass, compiling. 
[2018.11.26-19.37.26:721][623]LogShaderCompilers: Display: Shaders left to compile 22
[2018.11.26-19.37.26:721][623]LogShaderCompilers: Display: Shaders left to compile 12
[2018.11.26-19.37.26:721][623]LogShaderCompilers: Display: Shaders left to compile 2
[2018.11.26-19.37.26:721][623]LogMaterial: Display: Missing cached shader map for material NewGrass, compiling. 
[2018.11.26-19.37.26:876][623]LogShaderCompilers: Display: Shaders left to compile 42
[2018.11.26-19.37.28:815][623]LogShaderCompilers: Display: Shaders left to compile 32
[2018.11.26-19.37.29:025][623]LogAIModule: Creating AISystem for world TestMap
[2018.11.26-19.37.29:026][623]LogLoad: Game class is 'LearnToDriveGameModeBase'
[2018.11.26-19.37.29:667][623]LogWorld: Bringing World /Game/Maps/UEDPIE_0_TestMap.TestMap up for play (max tick rate 0) at 2018.11.26-19.37.29
[2018.11.26-19.37.29:683][623]LogWorld: Bringing up level for play took: 0.656415
[2018.11.26-19.37.29:720][623]LogLoad: Took 4.180182 seconds to LoadMap(/Game/Maps/TestMap)
[2018.11.26-19.37.29:826][624]LogActor: Warning: MyGolfBall1_C /Engine/Transient.World_2:PersistentLevel.MyGolfBall1_C_0 has natively added scene component(s), but none of them were set as the actor's RootComponent - picking one arbitrarily
[2018.11.26-19.37.29:846][624]LogActor: Warning: MyGolfStart1_C /Engine/Transient.World_3:PersistentLevel.MyGolfStart1_C_0 has natively added scene component(s), but none of them were set as the actor's RootComponent - picking one arbitrarily
[2018.11.26-19.37.34:352][874]LogShaderCompilers: Display: Shaders left to compile 22
[2018.11.26-19.37.34:399][877]LogShaderCompilers: Display: Shaders left to compile 12
[2018.11.26-19.37.35:725][960]LogShaderCompilers: Display: Shaders left to compile 2
[2018.11.26-19.37.45:553][318]LogBlueprintUserMessages: Early EndPlayMap Detection: Level '/Game/Maps/Menu.Menu:PersistentLevel' has LevelScriptBlueprint '/Game/Maps/Menu.Menu:PersistentLevel.Menu' with GeneratedClass '/Game/Maps/Menu.Menu_C' with ClassGeneratedBy '/Game/Maps/Menu.Menu:PersistentLevel.Menu'
[2018.11.26-19.37.45:553][318]LogSlate: Updating window title bar state: overlay mode, drag disabled, window buttons hidden, title bar hidden
[2018.11.26-19.37.45:608][318]LogPlayLevel: Display: Shutting down PIE online subsystems
[2018.11.26-19.37.45:609][318]LogBlueprintUserMessages: Late EndPlayMap Detection: Level '/Game/Maps/Menu.Menu:PersistentLevel' has LevelScriptBlueprint '/Game/Maps/Menu.Menu:PersistentLevel.Menu' with GeneratedClass '/Game/Maps/Menu.Menu_C' with ClassGeneratedBy '/Game/Maps/Menu.Menu:PersistentLevel.Menu'
[2018.11.26-19.37.45:744][318]LogSlate: Updating window title bar state: overlay mode, drag disabled, window buttons hidden, title bar hidden
[2018.11.26-19.37.45:782][319]LogPlayLevel: Display: Destroying online subsystem :Context_4
[2018.11.26-19.37.48:838][591]LogSlate: FSceneViewport::OnFocusLost() reason 0
[2018.11.26-19.37.52:227][854]LogAIModule: Creating AISystem for world TestMap
[2018.11.26-19.37.52:356][854]LogAssetEditorManager: Opening Asset editor for World /Game/Maps/TestMap.TestMap
[2018.11.26-19.37.52:472][854]Cmd: MAP LOAD FILE="../../../../../../Shitty UE4 Games I Make/GolfGame/Drive/LearnToDrive/LearnToDrive/Content/Maps/TestMap.umap" TEMPLATE=0 SHOWPROGRESS=1 FEATURELEVEL=3
[2018.11.26-19.37.52:472][854]LightingResults: New page: Lighting Build
[2018.11.26-19.37.52:473][854]LoadErrors: New page: Loading map: TestMap.umap
[2018.11.26-19.37.52:473][854]MapCheck: New page: Map Check
[2018.11.26-19.37.52:473][854]LightingResults: New page: Lighting Build
[2018.11.26-19.37.54:225][854]LogEditorServer: Finished looking for orphan Actors (0.000 secs)
[2018.11.26-19.37.54:359][854]Cmd: MAP CHECKDEP NOCLEARLOG
[2018.11.26-19.37.54:503][854]MapCheck: Map check complete: 0 Error(s), 0 Warning(s), took 144.122ms to complete.
[2018.11.26-19.37.54:508][854]LogFileHelpers: Loading map 'TestMap' took 2.037
[2018.11.26-19.37.55:897][936]LogTemp: Repeating last play command: Selected Viewport
[2018.11.26-19.37.55:912][936]LogPlayLevel: PlayLevel: No blueprints needed recompiling
[2018.11.26-19.37.55:913][936]PIE: New page: PIE session: TestMap (26 Nov 2018 19:37:55)
[2018.11.26-19.37.55:913][936]LogPlayLevel: Creating play world package: /Game/Maps/UEDPIE_0_TestMap
[2018.11.26-19.37.56:126][936]LogPlayLevel: PIE: StaticDuplicateObject took: (0.213272s)
[2018.11.26-19.37.56:127][936]LogAIModule: Creating AISystem for world TestMap
[2018.11.26-19.37.56:127][936]LogPlayLevel: PIE: World Init took: (0.000963s)
[2018.11.26-19.37.56:127][936]LogPlayLevel: PIE: Created PIE world by copying editor world from /Game/Maps/TestMap.TestMap to /Game/Maps/UEDPIE_0_TestMap.TestMap (0.214441s)
[2018.11.26-19.37.56:271][936]LogInit: XAudio2 using 'Headset Earphone (HyperX 7.1 Audio)' : 2 channels at 48 kHz using 16 bits per sample (channel mask 0x3)
[2018.11.26-19.37.56:283][936]LogInit: FAudioDevice initialized.
[2018.11.26-19.37.56:315][936]LogLoad: Game class is 'LearnToDriveGameModeBase'
[2018.11.26-19.37.56:359][936]LogWorld: Bringing World /Game/Maps/UEDPIE_0_TestMap.TestMap up for play (max tick rate 0) at 2018.11.26-19.37.56
[2018.11.26-19.37.56:360][936]LogWorld: Bringing up level for play took: 0.044463
[2018.11.26-19.37.56:375][936]PIE: Play in editor start time for /Game/Maps/UEDPIE_0_TestMap 0.063
[2018.11.26-19.38.07:691][849]LogSlate: Updating window title bar state: overlay mode, drag disabled, window buttons hidden, title bar hidden
[2018.11.26-19.38.07:743][849]LogPlayLevel: Display: Shutting down PIE online subsystems
[2018.11.26-19.38.07:820][849]LogSlate: Updating window title bar state: overlay mode, drag disabled, window buttons hidden, title bar hidden
[2018.11.26-19.38.07:868][850]LogPlayLevel: Display: Destroying online subsystem :Context_8
[2018.11.26-19.38.08:904][931]LogSlate: FSceneViewport::OnFocusLost() reason 0
[2018.11.26-19.38.09:586][997]LogSlate: Window 'MainMenu' being destroyed
[2018.11.26-19.38.34:980][881]LogSlate: Window 'LearnToDrive - Unreal Editor' being destroyed
[2018.11.26-19.38.35:186][882]Cmd: QUIT_EDITOR
[2018.11.26-19.38.35:903][882]LogWindowsTextInputMethodSystem: Display: IME system now deactivated.
[2018.11.26-19.38.35:922][882]LogExit: Preparing to exit.
[2018.11.26-19.38.36:842][882]LogExit: Editor shut down
[2018.11.26-19.38.36:842][882]LogExit: Transaction tracking system shut down
[2018.11.26-19.38.37:482][882]LogExit: Object subsystem successfully closed.
[2018.11.26-19.38.37:508][882]LogShaderCompilers: Display: Shaders left to compile 0
[2018.11.26-19.38.37:512][882]LogD3D11RHI: Shutdown
[2018.11.26-19.38.37:512][882]LogD3D11RHI: CleanupD3DDevice
[2018.11.26-19.38.37:515][882]LogD3D11RHI: ~FD3D11DynamicRHI
[2018.11.26-19.38.37:537][882]LogModuleManager: Shutting down and abandoning module SequencerWidgets (622)
[2018.11.26-19.38.37:537][882]LogModuleManager: Shutting down and abandoning module BlueprintGraph (620)
[2018.11.26-19.38.37:537][882]LogModuleManager: Shutting down and abandoning module HierarchicalLODUtilities (618)
[2018.11.26-19.38.37:537][882]LogModuleManager: Shutting down and abandoning module MovieSceneCapture (616)
[2018.11.26-19.38.37:537][882]LogModuleManager: Shutting down and abandoning module Voice (614)
[2018.11.26-19.38.37:537][882]LogModuleManager: Shutting down and abandoning module StatsViewer (612)
[2018.11.26-19.38.37:537][882]LogModuleManager: Shutting down and abandoning module HierarchicalLODOutliner (610)
[2018.11.26-19.38.37:537][882]LogModuleManager: Shutting down and abandoning module AddContentDialog (608)
[2018.11.26-19.38.37:537][882]LogModuleManager: Shutting down and abandoning module WidgetCarousel (607)
[2018.11.26-19.38.37:537][882]LogModuleManager: Shutting down and abandoning module EditorWidgets (604)
[2018.11.26-19.38.37:537][882]LogModuleManager: Shutting down and abandoning module CollectionManager (602)
[2018.11.26-19.38.37:538][882]LogModuleManager: Shutting down and abandoning module SceneOutliner (600)
[2018.11.26-19.38.37:538][882]LogModuleManager: Shutting down and abandoning module FoliageEdit (598)
[2018.11.26-19.38.37:538][882]LogModuleManager: Shutting down and abandoning module LandscapeEditor (596)
[2018.11.26-19.38.37:538][882]LogModuleManager: Shutting down and abandoning module MeshPaintMode (594)
[2018.11.26-19.38.37:538][882]LogModuleManager: Shutting down and abandoning module SceneDepthPickerMode (592)
[2018.11.26-19.38.37:538][882]LogModuleManager: Shutting down and abandoning module ActorPickerMode (590)
[2018.11.26-19.38.37:538][882]LogModuleManager: Shutting down and abandoning module GeometryMode (588)
[2018.11.26-19.38.37:538][882]LogModuleManager: Shutting down and abandoning module TextureAlignMode (586)
[2018.11.26-19.38.37:538][882]LogModuleManager: Shutting down and abandoning module BspMode (584)
[2018.11.26-19.38.37:538][882]LogModuleManager: Shutting down and abandoning module PIEPreviewDeviceProfileSelector (582)
[2018.11.26-19.38.37:538][882]LogModuleManager: Shutting down and abandoning module SequenceRecorderSections (580)
[2018.11.26-19.38.37:538][882]LogModuleManager: Shutting down and abandoning module AutomationWorker (578)
[2018.11.26-19.38.37:538][882]LogModuleManager: Shutting down and abandoning module AudioCaptureEditor (576)
[2018.11.26-19.38.37:538][882]LogModuleManager: Shutting down and abandoning module SequenceRecorder (575)
[2018.11.26-19.38.37:538][882]LogModuleManager: Shutting down and abandoning module MatineeToLevelSequence (572)
[2018.11.26-19.38.37:538][882]LogModuleManager: Shutting down and abandoning module LevelSequenceEditor (570)
[2018.11.26-19.38.37:538][882]LogModuleManager: Shutting down and abandoning module PlacementMode (569)
[2018.11.26-19.38.37:538][882]LogModuleManager: Shutting down and abandoning module MaterialEditor (568)
[2018.11.26-19.38.37:538][882]LogModuleManager: Shutting down and abandoning module WmfMediaFactory (564)
[2018.11.26-19.38.37:538][882]LogModuleManager: Shutting down and abandoning module WmfMediaEditor (562)
[2018.11.26-19.38.37:539][882]LogModuleManager: Shutting down and abandoning module MediaPlayerEditor (560)
[2018.11.26-19.38.37:539][882]LogModuleManager: Shutting down and abandoning module OpenExrWrapper (558)
[2018.11.26-19.38.37:539][882]LogModuleManager: Shutting down and abandoning module ImgMediaFactory (556)
[2018.11.26-19.38.37:539][882]LogModuleManager: Shutting down and abandoning module ImgMediaEditor (554)
[2018.11.26-19.38.37:539][882]LogModuleManager: Shutting down and abandoning module AvfMediaFactory (552)
[2018.11.26-19.38.37:539][882]LogModuleManager: Shutting down and abandoning module AvfMediaEditor (550)
[2018.11.26-19.38.37:539][882]LogModuleManager: Shutting down and abandoning module AndroidMediaFactory (548)
[2018.11.26-19.38.37:539][882]LogModuleManager: Shutting down and abandoning module AndroidMediaEditor (546)
[2018.11.26-19.38.37:539][882]LogModuleManager: Shutting down and abandoning module MagicLeapCameraPreviewFactory (544)
[2018.11.26-19.38.37:539][882]LogModuleManager: Shutting down and abandoning module MagicLeapMediaFactory (542)
[2018.11.26-19.38.37:539][882]LogModuleManager: Shutting down and abandoning module MagicLeapMediaEditor (540)
[2018.11.26-19.38.37:539][882]LogModuleManager: Shutting down and abandoning module CharacterAI (538)
[2018.11.26-19.38.37:539][882]LogModuleManager: Shutting down and abandoning module SmartSnapping (536)
[2018.11.26-19.38.37:539][882]LogModuleManager: Shutting down and abandoning module SessionServices (534)
[2018.11.26-19.38.37:539][882]LogModuleManager: Shutting down and abandoning module ViewportSnapping (532)
[2018.11.26-19.38.37:539][882]LogModuleManager: Shutting down and abandoning module ViewportInteraction (530)
[2018.11.26-19.38.37:539][882]LogModuleManager: Shutting down and abandoning module ClothPainter (528)
[2018.11.26-19.38.37:539][882]LogModuleManager: Shutting down and abandoning module SkeletalMeshEditor (527)
[2018.11.26-19.38.37:539][882]LogModuleManager: Shutting down and abandoning module LogVisualizer (524)
[2018.11.26-19.38.37:539][882]LogModuleManager: Shutting down and abandoning module IntroTutorials (522)
[2018.11.26-19.38.37:539][882]LogModuleManager: Shutting down and abandoning module GameProjectGeneration (521)
[2018.11.26-19.38.37:539][882]LogModuleManager: Shutting down and abandoning module LuminPlatformEditor (518)
[2018.11.26-19.38.37:539][882]LogModuleManager: Shutting down and abandoning module IOSPlatformEditor (516)
[2018.11.26-19.38.37:539][882]LogModuleManager: Shutting down and abandoning module HTML5PlatformEditor (514)
[2018.11.26-19.38.37:539][882]LogModuleManager: Shutting down and abandoning module AndroidPlatformEditor (512)
[2018.11.26-19.38.37:539][882]LogModuleManager: Shutting down and abandoning module AndroidDeviceDetection (511)
[2018.11.26-19.38.37:984][882]LogModuleManager: Shutting down and abandoning module WindowsPlatformEditor (508)
[2018.11.26-19.38.37:984][882]LogModuleManager: Shutting down and abandoning module LuminRuntimeSettings (506)
[2018.11.26-19.38.37:984][882]LogModuleManager: Shutting down and abandoning module IOSRuntimeSettings (504)
[2018.11.26-19.38.37:984][882]LogModuleManager: Shutting down and abandoning module AndroidRuntimeSettings (502)
[2018.11.26-19.38.37:985][882]LogModuleManager: Shutting down and abandoning module InputBindingEditor (500)
[2018.11.26-19.38.37:985][882]LogModuleManager: Shutting down and abandoning module MergeActors (498)
[2018.11.26-19.38.37:985][882]LogModuleManager: Shutting down and abandoning module LocalizationDashboard (496)
[2018.11.26-19.38.37:985][882]LogModuleManager: Shutting down and abandoning module LocalizationService (495)
[2018.11.26-19.38.37:985][882]LogModuleManager: Shutting down and abandoning module HardwareTargeting (492)
[2018.11.26-19.38.37:985][882]LogModuleManager: Shutting down and abandoning module DeviceProfileEditor (490)
[2018.11.26-19.38.37:985][882]LogModuleManager: Shutting down and abandoning module UndoHistory (488)
[2018.11.26-19.38.37:985][882]LogModuleManager: Shutting down and abandoning module XmlParser (486)
[2018.11.26-19.38.37:985][882]LogModuleManager: Shutting down and abandoning module Blutility (484)
[2018.11.26-19.38.37:985][882]LogModuleManager: Shutting down and abandoning module ProjectSettingsViewer (482)
[2018.11.26-19.38.37:985][882]LogModuleManager: Shutting down and abandoning module ProjectTargetPlatformEditor (481)
[2018.11.26-19.38.37:985][882]LogModuleManager: Shutting down and abandoning module EditorSettingsViewer (478)
[2018.11.26-19.38.37:986][882]LogModuleManager: Shutting down and abandoning module SettingsEditor (476)
[2018.11.26-19.38.37:986][882]LogModuleManager: Shutting down and abandoning module ProjectLauncher (474)
[2018.11.26-19.38.37:986][882]LogModuleManager: Shutting down and abandoning module SessionFrontend (472)
[2018.11.26-19.38.37:986][882]LogModuleManager: Shutting down and abandoning module ProfilerClient (470)
[2018.11.26-19.38.37:986][882]LogModuleManager: Shutting down and abandoning module DeviceManager (468)
[2018.11.26-19.38.37:986][882]LogModuleManager: Shutting down and abandoning module TargetDeviceServices (467)
[2018.11.26-19.38.38:052][882]LogModuleManager: Shutting down and abandoning module AutomationController (464)
[2018.11.26-19.38.38:052][882]LogModuleManager: Shutting down and abandoning module AutomationWindow (462)
[2018.11.26-19.38.38:052][882]LogModuleManager: Shutting down and abandoning module Layers (460)
[2018.11.26-19.38.38:052][882]LogModuleManager: Shutting down and abandoning module ComponentVisualizers (458)
[2018.11.26-19.38.38:052][882]LogModuleManager: Shutting down and abandoning module DetailCustomizations (456)
[2018.11.26-19.38.38:052][882]LogModuleManager: Shutting down and abandoning module PackagesDialog (454)
[2018.11.26-19.38.38:052][882]LogModuleManager: Shutting down and abandoning module Persona (452)
[2018.11.26-19.38.38:052][882]LogModuleManager: Shutting down and abandoning module AdvancedPreviewScene (451)
[2018.11.26-19.38.38:052][882]LogModuleManager: Shutting down and abandoning module AnimGraph (449)
[2018.11.26-19.38.38:052][882]LogModuleManager: Shutting down and abandoning module Kismet (446)
[2018.11.26-19.38.38:060][882]LogModuleManager: Shutting down and abandoning module GraphEditor (444)
[2018.11.26-19.38.38:060][882]LogModuleManager: Shutting down and abandoning module ClassViewer (442)
[2018.11.26-19.38.38:060][882]LogModuleManager: Shutting down and abandoning module Toolbox (440)
[2018.11.26-19.38.38:060][882]LogModuleManager: Shutting down and abandoning module ModuleUI (438)
[2018.11.26-19.38.38:060][882]LogModuleManager: Shutting down and abandoning module MovieSceneTools (436)
[2018.11.26-19.38.38:060][882]LogModuleManager: Shutting down and abandoning module OutputLog (434)
[2018.11.26-19.38.38:060][882]LogModuleManager: Shutting down and abandoning module GammaUI (432)
[2018.11.26-19.38.38:060][882]LogModuleManager: Shutting down and abandoning module Documentation (430)
[2018.11.26-19.38.38:060][882]LogModuleManager: Shutting down and abandoning module MovieSceneTracks (428)
[2018.11.26-19.38.38:060][882]LogModuleManager: Shutting down and abandoning module MovieScene (426)
[2018.11.26-19.38.38:060][882]LogModuleManager: Shutting down and abandoning module StreamingPauseRendering (424)
[2018.11.26-19.38.38:060][882]LogModuleManager: Shutting down and abandoning module LauncherPlatform (422)
[2018.11.26-19.38.38:060][882]LogModuleManager: Shutting down and abandoning module AnalyticsET (420)
[2018.11.26-19.38.38:060][882]LogModuleManager: Shutting down and abandoning module PortalServices (418)
[2018.11.26-19.38.38:060][882]LogModuleManager: Shutting down and abandoning module PortalRpc (416)
[2018.11.26-19.38.38:060][882]LogModuleManager: Shutting down and abandoning module MessagingRpc (414)
[2018.11.26-19.38.38:060][882]LogModuleManager: Shutting down and abandoning module AIModule (412)
[2018.11.26-19.38.38:061][882]LogModuleManager: Shutting down and abandoning module GameplayDebugger (411)
[2018.11.26-19.38.38:061][882]LogModuleManager: Shutting down and abandoning module AITestSuite (409)
[2018.11.26-19.38.38:061][882]LogModuleManager: Shutting down and abandoning module NavigationSystem (407)
[2018.11.26-19.38.38:061][882]LogModuleManager: Shutting down and abandoning module ProfilerService (404)
[2018.11.26-19.38.38:106][882]LogModuleManager: Shutting down and abandoning module TaskGraph (402)
[2018.11.26-19.38.38:108][882]LogModuleManager: Shutting down and abandoning module SteamVRController (400)
[2018.11.26-19.38.38:108][882]LogModuleManager: Shutting down and abandoning module ProceduralMeshComponentEditor (398)
[2018.11.26-19.38.38:108][882]LogModuleManager: Shutting down and abandoning module ProceduralMeshComponent (396)
[2018.11.26-19.38.38:108][882]LogModuleManager: Shutting down and abandoning module OculusInput (394)
[2018.11.26-19.38.38:108][882]LogModuleManager: Shutting down and abandoning module MobilePatchingUtils (392)
[2018.11.26-19.38.38:108][882]LogModuleManager: Shutting down and abandoning module EditableMesh (390)
[2018.11.26-19.38.38:108][882]LogModuleManager: Shutting down and abandoning module CustomMeshComponent (388)
[2018.11.26-19.38.38:108][882]LogModuleManager: Shutting down and abandoning module CableComponent (386)
[2018.11.26-19.38.38:108][882]LogModuleManager: Shutting down and abandoning module AudioCapture (384)
[2018.11.26-19.38.38:108][882]LogModuleManager: Shutting down and abandoning module ArchVisCharacter (382)
[2018.11.26-19.38.38:108][882]LogModuleManager: Shutting down and abandoning module AndroidPermission (380)
[2018.11.26-19.38.38:108][882]LogModuleManager: Shutting down and abandoning module NUTUnrealEngine4 (378)
[2018.11.26-19.38.38:108][882]LogModuleManager: Shutting down and abandoning module NetcodeUnitTest (376)
[2018.11.26-19.38.38:109][882]LogModuleManager: Shutting down and abandoning module MediaCompositingEditor (374)
[2018.11.26-19.38.38:109][882]LogModuleManager: Shutting down and abandoning module MediaCompositing (372)
[2018.11.26-19.38.38:109][882]LogModuleManager: Shutting down and abandoning module LinearTimecode (370)
[2018.11.26-19.38.38:109][882]LogModuleManager: Shutting down and abandoning module ImgMedia (368)
[2018.11.26-19.38.38:120][882]LogModuleManager: Shutting down and abandoning module HTML5Networking (366)
[2018.11.26-19.38.38:120][882]LogModuleManager: Shutting down and abandoning module GeometryCacheTracks (364)
[2018.11.26-19.38.38:121][882]LogModuleManager: Shutting down and abandoning module GeometryCacheSequencer (362)
[2018.11.26-19.38.38:121][882]LogModuleManager: Shutting down and abandoning module BackChannel (360)
[2018.11.26-19.38.38:121][882]LogModuleManager: Shutting down and abandoning module AppleVision (358)
[2018.11.26-19.38.38:121][882]LogModuleManager: Shutting down and abandoning module AppleImageUtils (356)
[2018.11.26-19.38.38:121][882]LogModuleManager: Shutting down and abandoning module AlembicImporter (354)
[2018.11.26-19.38.38:121][882]LogModuleManager: Shutting down and abandoning module AlembicLibrary (353)
[2018.11.26-19.38.38:121][882]LogModuleManager: Shutting down and abandoning module GeometryCache (352)
[2018.11.26-19.38.38:123][882]LogModuleManager: Shutting down and abandoning module GeometryCacheEd (351)
[2018.11.26-19.38.38:123][882]LogModuleManager: Shutting down and abandoning module DatasmithContentEditor (346)
[2018.11.26-19.38.38:123][882]LogModuleManager: Shutting down and abandoning module DatasmithContent (344)
[2018.11.26-19.38.38:124][882]LogModuleManager: Shutting down and abandoning module SpeedTreeImporter (342)
[2018.11.26-19.38.38:124][882]LogModuleManager: Shutting down and abandoning module PluginBrowser (340)
[2018.11.26-19.38.38:124][882]LogModuleManager: Shutting down and abandoning module MobileLauncherProfileWizard (338)
[2018.11.26-19.38.38:124][882]LogModuleManager: Shutting down and abandoning module PolygonModeling (336)
[2018.11.26-19.38.38:124][882]LogModuleManager: Shutting down and abandoning module MeshEditor (334)
[2018.11.26-19.38.38:124][882]LogModuleManager: Shutting down and abandoning module CryptoKeysOpenSSL (332)
[2018.11.26-19.38.38:124][882]LogModuleManager: Shutting down and abandoning module CryptoKeys (330)
[2018.11.26-19.38.38:124][882]LogModuleManager: Shutting down and abandoning module VisualStudioSourceCodeAccess (328)
[2018.11.26-19.38.38:124][882]LogModuleManager: Shutting down and abandoning module VisualStudioCodeSourceCodeAccess (326)
[2018.11.26-19.38.38:124][882]LogModuleManager: Shutting down and abandoning module UObjectPlugin (324)
[2018.11.26-19.38.38:124][882]LogModuleManager: Shutting down and abandoning module SubversionSourceControl (322)
[2018.11.26-19.38.38:124][882]LogModuleManager: Shutting down and abandoning module PerforceSourceControl (320)
[2018.11.26-19.38.38:124][882]LogModuleManager: Shutting down and abandoning module GitSourceControl (318)
[2018.11.26-19.38.38:126][882]LogModuleManager: Shutting down and abandoning module SourceControl (317)
[2018.11.26-19.38.38:126][882]LogModuleManager: Shutting down and abandoning module CLionSourceCodeAccess (314)
[2018.11.26-19.38.38:126][882]LogModuleManager: Shutting down and abandoning module LightPropagationVolumeEditor (312)
[2018.11.26-19.38.38:126][882]LogModuleManager: Shutting down and abandoning module PaperTiledImporter (310)
[2018.11.26-19.38.38:126][882]LogModuleManager: Shutting down and abandoning module PaperSpriteSheetImporter (308)
[2018.11.26-19.38.38:126][882]LogModuleManager: Shutting down and abandoning module Paper2DEditor (306)
[2018.11.26-19.38.38:127][882]LogModuleManager: Shutting down and abandoning module MeshPaint (305)
[2018.11.26-19.38.38:127][882]LogModuleManager: Shutting down and abandoning module LearnToDrive (302)
[2018.11.26-19.38.38:127][882]LogModuleManager: Shutting down and abandoning module RuntimePhysXCooking (300)
[2018.11.26-19.38.38:127][882]LogModuleManager: Shutting down and abandoning module PhysXVehiclesEditor (298)
[2018.11.26-19.38.38:127][882]LogModuleManager: Shutting down and abandoning module PhysXVehicles (296)
[2018.11.26-19.38.38:127][882]LogModuleManager: Shutting down and abandoning module OculusEditor (294)
[2018.11.26-19.38.38:127][882]LogModuleManager: Shutting down and abandoning module LocationServicesBPLibrary (292)
[2018.11.26-19.38.38:127][882]LogModuleManager: Shutting down and abandoning module ImmediatePhysicsEditor (290)
[2018.11.26-19.38.38:127][882]LogModuleManager: Shutting down and abandoning module ImmediatePhysics (288)
[2018.11.26-19.38.38:127][882]LogModuleManager: Shutting down and abandoning module ActorSequence (286)
[2018.11.26-19.38.38:127][882]LogModuleManager: Shutting down and abandoning module UdpMessaging (284)
[2018.11.26-19.38.38:229][882]LogModuleManager: Shutting down and abandoning module TcpMessaging (282)
[2018.11.26-19.38.38:330][882]LogModuleManager: Shutting down and abandoning module MagicLeapAudio (280)
[2018.11.26-19.38.38:330][882]LogModuleManager: Shutting down and abandoning module GameplayTagsEditor (278)
[2018.11.26-19.38.38:330][882]LogModuleManager: Shutting down and abandoning module FacialAnimationEditor (276)
[2018.11.26-19.38.38:330][882]LogModuleManager: Shutting down and abandoning module FacialAnimation (274)
[2018.11.26-19.38.38:330][882]LogModuleManager: Shutting down and abandoning module DataValidation (272)
[2018.11.26-19.38.38:330][882]LogModuleManager: Shutting down and abandoning module AssetManagerEditor (270)
[2018.11.26-19.38.38:330][882]LogModuleManager: Shutting down and abandoning module LevelEditor (269)
[2018.11.26-19.38.38:332][882]LogModuleManager: Shutting down and abandoning module PixelInspectorModule (268)
[2018.11.26-19.38.38:333][882]LogModuleManager: Shutting down and abandoning module CommonMenuExtensions (266)
[2018.11.26-19.38.38:333][882]LogModuleManager: Shutting down and abandoning module MainFrame (264)
[2018.11.26-19.38.38:334][882]LogModuleManager: Shutting down and abandoning module HotReload (263)
[2018.11.26-19.38.38:335][882]LogModuleManager: Shutting down and abandoning module ContentBrowser (259)
[2018.11.26-19.38.38:339][882]LogModuleManager: Shutting down and abandoning module TreeMap (257)
[2018.11.26-19.38.38:339][882]LogModuleManager: Shutting down and abandoning module LightPropagationVolumeRuntime (254)
[2018.11.26-19.38.38:339][882]LogModuleManager: Shutting down and abandoning module AISupportModule (252)
[2018.11.26-19.38.38:339][882]LogModuleManager: Shutting down and abandoning module Paper2D (250)
[2018.11.26-19.38.38:339][882]LogModuleManager: Shutting down and abandoning module WindowsMoviePlayer (248)
[2018.11.26-19.38.38:339][882]LogModuleManager: Shutting down and abandoning module WmfMedia (246)
[2018.11.26-19.38.38:344][882]LogModuleManager: Shutting down and abandoning module Media (245)
[2018.11.26-19.38.38:351][882]LogModuleManager: Shutting down and abandoning module PacketHandler (242)
[2018.11.26-19.38.38:351][882]LogModuleManager: Shutting down and abandoning module ClothingSystemEditor (240)
[2018.11.26-19.38.38:352][882]LogModuleManager: Shutting down and abandoning module ClothingSystemRuntime (238)
[2018.11.26-19.38.38:352][882]LogModuleManager: Shutting down and abandoning module MediaAssets (236)
[2018.11.26-19.38.38:352][882]LogModuleManager: Shutting down and abandoning module Overlay (234)
[2018.11.26-19.38.38:353][882]LogModuleManager: Shutting down and abandoning module OverlayEditor (233)
[2018.11.26-19.38.38:353][882]LogModuleManager: Shutting down and abandoning module VREditor (230)
[2018.11.26-19.38.38:353][882]LogModuleManager: Shutting down and abandoning module StringTableEditor (228)
[2018.11.26-19.38.38:353][882]LogModuleManager: Shutting down and abandoning module GameplayTasksEditor (226)
[2018.11.26-19.38.38:353][882]LogModuleManager: Shutting down and abandoning module BehaviorTreeEditor (224)
[2018.11.26-19.38.38:353][882]LogModuleManager: Shutting down and abandoning module FunctionalTesting (222)
[2018.11.26-19.38.38:353][882]LogModuleManager: Shutting down and abandoning module CollisionAnalyzer (220)
[2018.11.26-19.38.38:353][882]LogModuleManager: Shutting down and abandoning module WorkspaceMenuStructure (219)
[2018.11.26-19.38.38:353][882]LogModuleManager: Shutting down and abandoning module UMG (216)
[2018.11.26-19.38.38:354][882]LogModuleManager: Shutting down and abandoning module UMGEditor (215)
[2018.11.26-19.38.38:354][882]LogModuleManager: Shutting down and abandoning module Sequencer (214)
[2018.11.26-19.38.38:354][882]LogModuleManager: Shutting down and abandoning module MessageLog (211)
[2018.11.26-19.38.38:354][882]LogModuleManager: Shutting down and abandoning module SlateReflector (206)
[2018.11.26-19.38.38:354][882]LogModuleManager: Shutting down and abandoning module Slate (204)
[2018.11.26-19.38.38:354][882]LogModuleManager: Shutting down and abandoning module EditorStyle (202)
[2018.11.26-19.38.38:359][882]LogModuleManager: Shutting down and abandoning module MRMesh (200)
[2018.11.26-19.38.38:359][882]LogModuleManager: Shutting down and abandoning module SourceCodeAccess (198)
[2018.11.26-19.38.38:359][882]LogModuleManager: Shutting down and abandoning module HeadMountedDisplay (196)
[2018.11.26-19.38.38:360][882]LogModuleManager: Shutting down and abandoning module XAudio2 (194)
[2018.11.26-19.38.38:360][882]LogModuleManager: Shutting down and abandoning module Networking (192)
[2018.11.26-19.38.38:360][882]LogModuleManager: Shutting down and abandoning module Core (190)
[2018.11.26-19.38.38:360][882]LogModuleManager: Shutting down and abandoning module LevelSequence (188)
[2018.11.26-19.38.38:360][882]LogModuleManager: Shutting down and abandoning module KismetCompiler (186)
[2018.11.26-19.38.38:360][882]LogModuleManager: Shutting down and abandoning module MeshUtilities (184)
[2018.11.26-19.38.38:360][882]LogModuleManager: Shutting down and abandoning module MeshMergeUtilities (183)
[2018.11.26-19.38.38:360][882]LogModuleManager: Shutting down and abandoning module MeshReductionInterface (182)
[2018.11.26-19.38.38:360][882]LogModuleManager: Shutting down and abandoning module SimplygonSwarm (181)
[2018.11.26-19.38.38:360][882]LogModuleManager: Shutting down and abandoning module ProxyLODMeshReduction (179)
[2018.11.26-19.38.38:360][882]LogModuleManager: Shutting down and abandoning module SimplygonMeshReduction (177)
[2018.11.26-19.38.38:361][882]LogModuleManager: Shutting down and abandoning module QuadricMeshReduction (175)
[2018.11.26-19.38.38:361][882]LogModuleManager: Shutting down and abandoning module MaterialBaking (171)
[2018.11.26-19.38.38:361][882]LogModuleManager: Shutting down and abandoning module DirectoryWatcher (167)
[2018.11.26-19.38.38:361][882]LogModuleManager: Shutting down and abandoning module DerivedDataCache (164)
[2018.11.26-19.38.38:416][882]LogDerivedDataCache: Shutdown
[2018.11.26-19.38.38:416][882]LogModuleManager: Shutting down and abandoning module XGEController (162)
[2018.11.26-19.38.38:416][882]LogXGEController: Cleaning working directory: C:/Users/rh27u/AppData/Local/Temp/UnrealXGEWorkingDir/
[2018.11.26-19.38.38:416][882]LogModuleManager: Shutting down and abandoning module TargetPlatform (160)
[2018.11.26-19.38.38:416][882]LogModuleManager: Shutting down and abandoning module VulkanShaderFormat (159)
[2018.11.26-19.38.38:417][882]LogModuleManager: Shutting down and abandoning module ShaderFormatVectorVM (157)
[2018.11.26-19.38.38:417][882]LogModuleManager: Shutting down and abandoning module ShaderFormatOpenGL (155)
[2018.11.26-19.38.38:417][882]LogModuleManager: Shutting down and abandoning module ShaderFormatD3D (153)
[2018.11.26-19.38.38:417][882]LogModuleManager: Shutting down and abandoning module MetalShaderFormat (151)
[2018.11.26-19.38.38:417][882]LogModuleManager: Shutting down and abandoning module TextureFormatUncompressed (149)
[2018.11.26-19.38.38:417][882]LogModuleManager: Shutting down and abandoning module TextureFormatPVR (147)
[2018.11.26-19.38.38:417][882]LogModuleManager: Shutting down and abandoning module TextureFormatDXT (145)
[2018.11.26-19.38.38:417][882]LogModuleManager: Shutting down and abandoning module TextureFormatIntelISPCTexComp (143)
[2018.11.26-19.38.38:418][882]LogModuleManager: Shutting down and abandoning module TextureFormatASTC (141)
[2018.11.26-19.38.38:418][882]LogModuleManager: Shutting down and abandoning module ImageWrapper (140)
[2018.11.26-19.38.38:418][882]LogModuleManager: Shutting down and abandoning module TextureFormatAndroid (137)
[2018.11.26-19.38.38:418][882]LogModuleManager: Shutting down and abandoning module AudioFormatOpus (135)
[2018.11.26-19.38.38:418][882]LogModuleManager: Shutting down and abandoning module AudioFormatOgg (133)
[2018.11.26-19.38.38:418][882]LogModuleManager: Shutting down and abandoning module AudioFormatADPCM (131)
[2018.11.26-19.38.38:418][882]LogModuleManager: Shutting down and abandoning module LuminTargetPlatform (129)
[2018.11.26-19.38.38:418][882]LogModuleManager: Shutting down and abandoning module LinuxTargetPlatform (127)
[2018.11.26-19.38.38:419][882]LogModuleManager: Shutting down and abandoning module LinuxServerTargetPlatform (125)
[2018.11.26-19.38.38:419][882]LogModuleManager: Shutting down and abandoning module LinuxNoEditorTargetPlatform (123)
[2018.11.26-19.38.38:419][882]LogModuleManager: Shutting down and abandoning module LinuxClientTargetPlatform (121)
[2018.11.26-19.38.38:419][882]LogModuleManager: Shutting down and abandoning module TVOSTargetPlatform (119)
[2018.11.26-19.38.38:421][882]LogModuleManager: Shutting down and abandoning module Messaging (117)
[2018.11.26-19.38.38:421][882]LogModuleManager: Shutting down and abandoning module IOSTargetPlatform (115)
[2018.11.26-19.38.38:423][882]LogModuleManager: Shutting down and abandoning module HTML5TargetPlatform (113)
[2018.11.26-19.38.38:423][882]LogModuleManager: Shutting down and abandoning module AndroidTargetPlatform (111)
[2018.11.26-19.38.38:443][882]LogModuleManager: Shutting down and abandoning module WindowsTargetPlatform (109)
[2018.11.26-19.38.38:444][882]LogModuleManager: Shutting down and abandoning module WindowsServerTargetPlatform (107)
[2018.11.26-19.38.38:444][882]LogModuleManager: Shutting down and abandoning module WindowsNoEditorTargetPlatform (105)
[2018.11.26-19.38.38:444][882]LogModuleManager: Shutting down and abandoning module WindowsClientTargetPlatform (103)
[2018.11.26-19.38.38:444][882]LogModuleManager: Shutting down and abandoning module MacTargetPlatform (101)
[2018.11.26-19.38.38:444][882]LogModuleManager: Shutting down and abandoning module MacServerTargetPlatform (99)
[2018.11.26-19.38.38:444][882]LogModuleManager: Shutting down and abandoning module MacNoEditorTargetPlatform (97)
[2018.11.26-19.38.38:444][882]LogModuleManager: Shutting down and abandoning module MacClientTargetPlatform (95)
[2018.11.26-19.38.38:444][882]LogModuleManager: Shutting down and abandoning module AllDesktopTargetPlatform (93)
[2018.11.26-19.38.38:444][882]LogModuleManager: Shutting down and abandoning module InputCore (90)
[2018.11.26-19.38.38:444][882]LogModuleManager: Shutting down and abandoning module Settings (88)
[2018.11.26-19.38.38:444][882]LogModuleManager: Shutting down and abandoning module PhysXCooking (86)
[2018.11.26-19.38.38:444][882]LogModuleManager: Shutting down and abandoning module SteamVR (84)
[2018.11.26-19.38.38:445][882]LogModuleManager: Shutting down and abandoning module OculusHMD (82)
[2018.11.26-19.38.38:445][882]LogModuleManager: Shutting down and abandoning module ExampleDeviceProfileSelector (80)
[2018.11.26-19.38.38:445][882]LogModuleManager: Shutting down and abandoning module LauncherChunkInstaller (78)
[2018.11.26-19.38.38:445][882]LogModuleManager: Shutting down and abandoning module OnlineBlueprintSupport (76)
[2018.11.26-19.38.38:445][882]LogModuleManager: Shutting down and abandoning module OnlineSubsystem (72)
[2018.11.26-19.38.38:447][882]LogModuleManager: Shutting down and abandoning module XMPP (67)
[2018.11.26-19.38.38:447][882]LogModuleManager: Shutting down and abandoning module WebSockets (66)
[2018.11.26-19.38.38:453][882]LogModuleManager: Shutting down and abandoning module HTTP (63)
[2018.11.26-19.38.38:454][882]LogHttp: Display: Http module shutting down, but needs to wait on 1 outstanding Http requests:
[2018.11.26-19.38.38:454][882]LogHttp: Display: 	verb=[POST] url=[https://datarouter.ol.epicgames.com/datarouter/api/v1/public/data?SessionID=%7BB5F3B231-4A44-0E40-5231-57A5C62BD92E%7D&AppID=UEEditor.Rocket.Release&AppVersion=4.20.3-4369336%2B%2B%2BUE4%2BRelease-4.20&UserID=ca0ba5b344a25a42bbbc08942dd4813d%7Cb9852a78c7114a83b7ea6e814f6762fe%7C843bd5b5-059e-4577-8c18-b86abac9c02d&AppEnvironment=datacollector-binary&UploadType=eteventstream] status=Processing
[2018.11.26-19.38.38:461][882]LogModuleManager: Shutting down and abandoning module SSL (62)
[2018.11.26-19.38.38:466][882]LogModuleManager: Shutting down and abandoning module MagicLeapEmulator (58)
[2018.11.26-19.38.38:466][882]LogModuleManager: Shutting down and abandoning module MagicLeapPrivileges (56)
[2018.11.26-19.38.38:466][882]LogModuleManager: Shutting down and abandoning module MagicLeapIdentity (54)
[2018.11.26-19.38.38:466][882]LogModuleManager: Shutting down and abandoning module MagicLeapHelperVulkan (52)
[2018.11.26-19.38.38:466][882]LogModuleManager: Shutting down and abandoning module MagicLeapHelperOpenGL (50)
[2018.11.26-19.38.38:466][882]LogModuleManager: Shutting down and abandoning module MagicLeapSecureStorage (48)
[2018.11.26-19.38.38:466][882]LogModuleManager: Shutting down and abandoning module MagicLeapGestures (46)
[2018.11.26-19.38.38:466][882]LogModuleManager: Shutting down and abandoning module MagicLeapEyeTracker (44)
[2018.11.26-19.38.38:466][882]LogModuleManager: Shutting down and abandoning module MagicLeapController (42)
[2018.11.26-19.38.38:466][882]LogSlate: Slate User Destroyed.  User Index 0, Is Virtual User: 0
[2018.11.26-19.38.38:466][882]LogModuleManager: Shutting down and abandoning module MagicLeap (40)
[2018.11.26-19.38.38:466][882]LogModuleManager: Shutting down and abandoning module DesktopPlatform (38)
[2018.11.26-19.38.38:466][882]LogModuleManager: Shutting down and abandoning module AnimationModifiers (36)
[2018.11.26-19.38.38:466][882]LogModuleManager: Shutting down and abandoning module PropertyEditor (35)
[2018.11.26-19.38.38:466][882]LogModuleManager: Shutting down and abandoning module AudioEditor (32)
[2018.11.26-19.38.38:467][882]LogModuleManager: Shutting down and abandoning module TextureCompressor (30)
[2018.11.26-19.38.38:467][882]LogModuleManager: Shutting down and abandoning module ShaderCore (28)
[2018.11.26-19.38.38:467][882]LogModuleManager: Shutting down and abandoning module Landscape (26)
[2018.11.26-19.38.38:467][882]LogModuleManager: Shutting down and abandoning module SlateRHIRenderer (24)
[2018.11.26-19.38.38:468][882]LogModuleManager: Shutting down and abandoning module OpenGLDrv (22)
[2018.11.26-19.38.38:468][882]LogModuleManager: Shutting down and abandoning module D3D11RHI (20)
[2018.11.26-19.38.38:468][882]LogModuleManager: Shutting down and abandoning module AnimGraphRuntime (18)
[2018.11.26-19.38.38:468][882]LogModuleManager: Shutting down and abandoning module Renderer (16)
[2018.11.26-19.38.38:468][882]LogModuleManager: Shutting down and abandoning module Engine (14)
[2018.11.26-19.38.38:468][882]LogModuleManager: Shutting down and abandoning module CoreUObject (12)
[2018.11.26-19.38.38:468][882]LogModuleManager: Shutting down and abandoning module NetworkFile (10)
[2018.11.26-19.38.38:468][882]LogModuleManager: Shutting down and abandoning module CookedIterativeFile (8)
[2018.11.26-19.38.38:468][882]LogModuleManager: Shutting down and abandoning module StreamingFile (6)
[2018.11.26-19.38.38:468][882]LogModuleManager: Shutting down and abandoning module SandboxFile (4)
[2018.11.26-19.38.38:469][882]LogModuleManager: Shutting down and abandoning module PakFile (2)
[2018.11.26-19.38.38:481][882]LogExit: Exiting.
[2018.11.26-19.38.38:539][882]Log file closed, 11/26/18 19:38:38
